#
# There is insufficient memory for the Java Runtime Environment to continue.
# Native memory allocation (malloc) failed to allocate 611440 bytes for Chunk::new
# Possible reasons:
#   The system is out of physical RAM or swap space
#   The process is running with CompressedOops enabled, and the Java Heap may be blocking the growth of the native heap
# Possible solutions:
#   Reduce memory load on the system
#   Increase physical memory or swap space
#   Check if swap backing store is full
#   Decrease Java heap size (-Xmx/-Xms)
#   Decrease number of Java threads
#   Decrease Java thread stack sizes (-Xss)
#   Set larger code cache with -XX:ReservedCodeCacheSize=
#   JVM is running with Zero Based Compressed Oops mode in which the Java heap is
#     placed in the first 32GB address space. The Java Heap base address is the
#     maximum limit for the native heap growth. Please use -XX:HeapBaseMinAddress
#     to set the Java Heap base and to place the Java Heap above 32GB virtual address.
# This output file may be truncated or incomplete.
#
#  Out of Memory Error (arena.cpp:184), pid=7772, tid=17516
#
# JRE version: Java(TM) SE Runtime Environment (19.0.2+7) (build 19.0.2+7-44)
# Java VM: Java HotSpot(TM) 64-Bit Server VM (19.0.2+7-44, mixed mode, sharing, tiered, compressed oops, compressed class ptrs, g1 gc, windows-amd64)
# No core dump will be written. Minidumps are not enabled by default on client versions of Windows
#

---------------  S U M M A R Y ------------

Command Line: -Dmaven.multiModuleProjectDirectory=E:\OneDrive - Centre d'Estudis Monlau\2DAW\NetBeans\API org.apache.maven.wrapper.MavenWrapperMain -Dexec.vmArgs= -Dexec.args=${exec.vmArgs} -classpath %classpath ${exec.mainClass} ${exec.appArgs} -Dexec.appArgs= -Dexec.mainClass=com.palomar.API.ApiApplication -Dexec.executable=C:\Program Files\Java\jdk-19\bin\java.exe -Dmaven.ext.class.path=C:\Program Files\NetBeans-13\netbeans\java\maven-nblib\netbeans-eventspy.jar org.codehaus.mojo:exec-maven-plugin:3.0.0:exec

Host: 11th Gen Intel(R) Core(TM) i7-1165G7 @ 2.80GHz, 8 cores, 15G,  Windows 10 , 64 bit Build 19041 (10.0.19041.2546)
Time: Tue Jan 24 18:07:36 2023 Hora estándar romance elapsed time: 0.388263 seconds (0d 0h 0m 0s)

---------------  T H R E A D  ---------------

Current thread (0x00000254d8662360):  JavaThread "C2 CompilerThread2" daemon [_thread_in_native, id=17516, stack(0x000000b98d600000,0x000000b98d700000)]


Current CompileTask:
C2:    388  993       4       java.io.InputStreamReader::read (11 bytes)

Stack: [0x000000b98d600000,0x000000b98d700000]
Native frames: (J=compiled Java code, j=interpreted, Vv=VM code, C=native code)
V  [jvm.dll+0x6ee21a]
V  [jvm.dll+0x85765e]
V  [jvm.dll+0x85904e]
V  [jvm.dll+0x859703]
V  [jvm.dll+0x28298f]
V  [jvm.dll+0xc9adf]
V  [jvm.dll+0xc9e65]
V  [jvm.dll+0x3bca4c]
V  [jvm.dll+0x1ee29a]
V  [jvm.dll+0x24c52b]
V  [jvm.dll+0x24b781]
V  [jvm.dll+0x1d6ce1]
V  [jvm.dll+0x25b25a]
V  [jvm.dll+0x2596e8]
V  [jvm.dll+0x807588]
V  [jvm.dll+0x80125a]
V  [jvm.dll+0x6ecf0b]
C  [ucrtbase.dll+0x21bb2]
C  [KERNEL32.DLL+0x17614]
C  [ntdll.dll+0x526a1]


---------------  P R O C E S S  ---------------

Threads class SMR info:
_java_thread_list=0x00000254d84b41f0, length=14, elements={
0x00000254ae760a50, 0x00000254d3957ef0, 0x00000254d3958e80, 0x00000254d395e1b0,
0x00000254d3961f00, 0x00000254d39629d0, 0x00000254d3961100, 0x00000254d3967360,
0x00000254d3969700, 0x00000254d396e010, 0x00000254d7cede30, 0x00000254d7cf6800,
0x00000254d81918d0, 0x00000254d8662360
}

Java Threads: ( => current thread )
  0x00000254ae760a50 JavaThread "main" [_thread_in_vm, id=18352, stack(0x000000b98c200000,0x000000b98c300000)]
  0x00000254d3957ef0 JavaThread "Reference Handler" daemon [_thread_blocked, id=2880, stack(0x000000b98c900000,0x000000b98ca00000)]
  0x00000254d3958e80 JavaThread "Finalizer" daemon [_thread_blocked, id=8740, stack(0x000000b98ca00000,0x000000b98cb00000)]
  0x00000254d395e1b0 JavaThread "Signal Dispatcher" daemon [_thread_blocked, id=10396, stack(0x000000b98cb00000,0x000000b98cc00000)]
  0x00000254d3961f00 JavaThread "Attach Listener" daemon [_thread_blocked, id=11756, stack(0x000000b98cc00000,0x000000b98cd00000)]
  0x00000254d39629d0 JavaThread "Service Thread" daemon [_thread_blocked, id=16656, stack(0x000000b98cd00000,0x000000b98ce00000)]
  0x00000254d3961100 JavaThread "Monitor Deflation Thread" daemon [_thread_blocked, id=16452, stack(0x000000b98ce00000,0x000000b98cf00000)]
  0x00000254d3967360 JavaThread "C2 CompilerThread0" daemon [_thread_in_native, id=9756, stack(0x000000b98cf00000,0x000000b98d000000)]
  0x00000254d3969700 JavaThread "C1 CompilerThread0" daemon [_thread_blocked, id=12800, stack(0x000000b98d000000,0x000000b98d100000)]
  0x00000254d396e010 JavaThread "Sweeper thread" daemon [_thread_blocked, id=15152, stack(0x000000b98d100000,0x000000b98d200000)]
  0x00000254d7cede30 JavaThread "Notification Thread" daemon [_thread_blocked, id=11840, stack(0x000000b98d200000,0x000000b98d300000)]
  0x00000254d7cf6800 JavaThread "Common-Cleaner" daemon [_thread_blocked, id=17472, stack(0x000000b98d400000,0x000000b98d500000)]
  0x00000254d81918d0 JavaThread "C2 CompilerThread1" daemon [_thread_in_native, id=9768, stack(0x000000b98d500000,0x000000b98d600000)]
=>0x00000254d8662360 JavaThread "C2 CompilerThread2" daemon [_thread_in_native, id=17516, stack(0x000000b98d600000,0x000000b98d700000)]

Other Threads:
  0x00000254d393db40 VMThread "VM Thread" [stack: 0x000000b98c800000,0x000000b98c900000] [id=15692]
  0x00000254d7cf63a0 WatcherThread "VM Periodic Task Thread" [stack: 0x000000b98d300000,0x000000b98d400000] [id=10112]
  0x00000254ae7cfea0 WorkerThread "GC Thread#0" [stack: 0x000000b98c300000,0x000000b98c400000] [id=15892]
  0x00000254d8811920 WorkerThread "GC Thread#1" [stack: 0x000000b98d700000,0x000000b98d800000] [id=14100]
  0x00000254d8a94710 WorkerThread "GC Thread#2" [stack: 0x000000b98d800000,0x000000b98d900000] [id=8536]
  0x00000254d8a949e0 WorkerThread "GC Thread#3" [stack: 0x000000b98d900000,0x000000b98da00000] [id=13324]
  0x00000254d92791e0 WorkerThread "GC Thread#4" [stack: 0x000000b98da00000,0x000000b98db00000] [id=4324]
  0x00000254d92794b0 WorkerThread "GC Thread#5" [stack: 0x000000b98db00000,0x000000b98dc00000] [id=2384]
  0x00000254d9279780 WorkerThread "GC Thread#6" [stack: 0x000000b98dc00000,0x000000b98dd00000] [id=1384]
  0x00000254d9279a50 WorkerThread "GC Thread#7" [stack: 0x000000b98dd00000,0x000000b98de00000] [id=16760]
  0x00000254ae7e0ab0 ConcurrentGCThread "G1 Main Marker" [stack: 0x000000b98c400000,0x000000b98c500000] [id=4352]
  0x00000254ae7e1c80 WorkerThread "G1 Conc#0" [stack: 0x000000b98c500000,0x000000b98c600000] [id=2356]
  0x00000254ae82d670 ConcurrentGCThread "G1 Refine#0" [stack: 0x000000b98c600000,0x000000b98c700000] [id=11984]
  0x00000254d37f5650 ConcurrentGCThread "G1 Service" [stack: 0x000000b98c700000,0x000000b98c800000] [id=2372]

Threads with active compile tasks:
C2 CompilerThread0      396  988   !   4       sun.nio.cs.StreamDecoder::read (78 bytes)
C2 CompilerThread1      396 1014       4       sun.nio.cs.StreamDecoder::implRead (243 bytes)
C2 CompilerThread2      396  993       4       java.io.InputStreamReader::read (11 bytes)

VM state: not at safepoint (normal execution)

VM Mutex/Monitor currently owned by a thread: None

Heap address: 0x0000000704e00000, size: 4018 MB, Compressed Oops mode: Zero based, Oop shift amount: 3

CDS archive(s) mapped at: [0x0000000800000000-0x0000000800c40000-0x0000000800c40000), size 12845056, SharedBaseAddress: 0x0000000800000000, ArchiveRelocationMode: 0.
Compressed class space mapped at: 0x0000000801000000-0x0000000841000000, reserved size: 1073741824
Narrow klass base: 0x0000000800000000, Narrow klass shift: 0, Narrow klass range: 0x100000000

GC Precious Log:
 CardTable entry size: 512
 Card Set container configuration: InlinePtr #cards 4 size 8 Array Of Cards #cards 16 size 48 Howl #buckets 8 coarsen threshold 3686 Howl Bitmap #cards 512 size 80 coarsen threshold 460 Card regions per heap region 1 cards per card region 4096
 CPUs: 8 total, 8 available
 Memory: 16064M
 Large Page Support: Disabled
 NUMA Support: Disabled
 Compressed Oops: Enabled (Zero based)
 Heap Region Size: 2M
 Heap Min Capacity: 8M
 Heap Initial Capacity: 252M
 Heap Max Capacity: 4018M
 Pre-touch: Disabled
 Parallel Workers: 8
 Concurrent Workers: 2
 Concurrent Refinement Workers: 8
 Periodic GC: Disabled

Heap:
 garbage-first heap   total 258048K, used 5946K [0x0000000704e00000, 0x0000000800000000)
  region size 2048K, 4 young (8192K), 2 survivors (4096K)
 Metaspace       used 5693K, committed 5888K, reserved 1114112K
  class space    used 630K, committed 768K, reserved 1048576K

Heap Regions: E=young(eden), S=young(survivor), O=old, HS=humongous(starts), HC=humongous(continues), CS=collection set, F=free, OA=open archive, CA=closed archive, TAMS=top-at-mark-start (previous, next)
|   0|0x0000000704e00000, 0x0000000704e00000, 0x0000000705000000|  0%| F|  |TAMS 0x0000000704e00000, 0x0000000704e00000| Untracked 
|   1|0x0000000705000000, 0x0000000705000000, 0x0000000705200000|  0%| F|  |TAMS 0x0000000705000000, 0x0000000705000000| Untracked 
|   2|0x0000000705200000, 0x0000000705200000, 0x0000000705400000|  0%| F|  |TAMS 0x0000000705200000, 0x0000000705200000| Untracked 
|   3|0x0000000705400000, 0x0000000705400000, 0x0000000705600000|  0%| F|  |TAMS 0x0000000705400000, 0x0000000705400000| Untracked 
|   4|0x0000000705600000, 0x0000000705600000, 0x0000000705800000|  0%| F|  |TAMS 0x0000000705600000, 0x0000000705600000| Untracked 
|   5|0x0000000705800000, 0x0000000705800000, 0x0000000705a00000|  0%| F|  |TAMS 0x0000000705800000, 0x0000000705800000| Untracked 
|   6|0x0000000705a00000, 0x0000000705a00000, 0x0000000705c00000|  0%| F|  |TAMS 0x0000000705a00000, 0x0000000705a00000| Untracked 
|   7|0x0000000705c00000, 0x0000000705c00000, 0x0000000705e00000|  0%| F|  |TAMS 0x0000000705c00000, 0x0000000705c00000| Untracked 
|   8|0x0000000705e00000, 0x0000000705e00000, 0x0000000706000000|  0%| F|  |TAMS 0x0000000705e00000, 0x0000000705e00000| Untracked 
|   9|0x0000000706000000, 0x0000000706000000, 0x0000000706200000|  0%| F|  |TAMS 0x0000000706000000, 0x0000000706000000| Untracked 
|  10|0x0000000706200000, 0x0000000706200000, 0x0000000706400000|  0%| F|  |TAMS 0x0000000706200000, 0x0000000706200000| Untracked 
|  11|0x0000000706400000, 0x0000000706400000, 0x0000000706600000|  0%| F|  |TAMS 0x0000000706400000, 0x0000000706400000| Untracked 
|  12|0x0000000706600000, 0x0000000706600000, 0x0000000706800000|  0%| F|  |TAMS 0x0000000706600000, 0x0000000706600000| Untracked 
|  13|0x0000000706800000, 0x0000000706800000, 0x0000000706a00000|  0%| F|  |TAMS 0x0000000706800000, 0x0000000706800000| Untracked 
|  14|0x0000000706a00000, 0x0000000706a00000, 0x0000000706c00000|  0%| F|  |TAMS 0x0000000706a00000, 0x0000000706a00000| Untracked 
|  15|0x0000000706c00000, 0x0000000706c00000, 0x0000000706e00000|  0%| F|  |TAMS 0x0000000706c00000, 0x0000000706c00000| Untracked 
|  16|0x0000000706e00000, 0x0000000706e00000, 0x0000000707000000|  0%| F|  |TAMS 0x0000000706e00000, 0x0000000706e00000| Untracked 
|  17|0x0000000707000000, 0x0000000707000000, 0x0000000707200000|  0%| F|  |TAMS 0x0000000707000000, 0x0000000707000000| Untracked 
|  18|0x0000000707200000, 0x0000000707200000, 0x0000000707400000|  0%| F|  |TAMS 0x0000000707200000, 0x0000000707200000| Untracked 
|  19|0x0000000707400000, 0x0000000707400000, 0x0000000707600000|  0%| F|  |TAMS 0x0000000707400000, 0x0000000707400000| Untracked 
|  20|0x0000000707600000, 0x0000000707600000, 0x0000000707800000|  0%| F|  |TAMS 0x0000000707600000, 0x0000000707600000| Untracked 
|  21|0x0000000707800000, 0x0000000707800000, 0x0000000707a00000|  0%| F|  |TAMS 0x0000000707800000, 0x0000000707800000| Untracked 
|  22|0x0000000707a00000, 0x0000000707a00000, 0x0000000707c00000|  0%| F|  |TAMS 0x0000000707a00000, 0x0000000707a00000| Untracked 
|  23|0x0000000707c00000, 0x0000000707c00000, 0x0000000707e00000|  0%| F|  |TAMS 0x0000000707c00000, 0x0000000707c00000| Untracked 
|  24|0x0000000707e00000, 0x0000000707e00000, 0x0000000708000000|  0%| F|  |TAMS 0x0000000707e00000, 0x0000000707e00000| Untracked 
|  25|0x0000000708000000, 0x0000000708000000, 0x0000000708200000|  0%| F|  |TAMS 0x0000000708000000, 0x0000000708000000| Untracked 
|  26|0x0000000708200000, 0x0000000708200000, 0x0000000708400000|  0%| F|  |TAMS 0x0000000708200000, 0x0000000708200000| Untracked 
|  27|0x0000000708400000, 0x0000000708400000, 0x0000000708600000|  0%| F|  |TAMS 0x0000000708400000, 0x0000000708400000| Untracked 
|  28|0x0000000708600000, 0x0000000708600000, 0x0000000708800000|  0%| F|  |TAMS 0x0000000708600000, 0x0000000708600000| Untracked 
|  29|0x0000000708800000, 0x0000000708800000, 0x0000000708a00000|  0%| F|  |TAMS 0x0000000708800000, 0x0000000708800000| Untracked 
|  30|0x0000000708a00000, 0x0000000708a00000, 0x0000000708c00000|  0%| F|  |TAMS 0x0000000708a00000, 0x0000000708a00000| Untracked 
|  31|0x0000000708c00000, 0x0000000708c00000, 0x0000000708e00000|  0%| F|  |TAMS 0x0000000708c00000, 0x0000000708c00000| Untracked 
|  32|0x0000000708e00000, 0x0000000708e00000, 0x0000000709000000|  0%| F|  |TAMS 0x0000000708e00000, 0x0000000708e00000| Untracked 
|  33|0x0000000709000000, 0x0000000709000000, 0x0000000709200000|  0%| F|  |TAMS 0x0000000709000000, 0x0000000709000000| Untracked 
|  34|0x0000000709200000, 0x0000000709200000, 0x0000000709400000|  0%| F|  |TAMS 0x0000000709200000, 0x0000000709200000| Untracked 
|  35|0x0000000709400000, 0x0000000709400000, 0x0000000709600000|  0%| F|  |TAMS 0x0000000709400000, 0x0000000709400000| Untracked 
|  36|0x0000000709600000, 0x0000000709600000, 0x0000000709800000|  0%| F|  |TAMS 0x0000000709600000, 0x0000000709600000| Untracked 
|  37|0x0000000709800000, 0x0000000709800000, 0x0000000709a00000|  0%| F|  |TAMS 0x0000000709800000, 0x0000000709800000| Untracked 
|  38|0x0000000709a00000, 0x0000000709a00000, 0x0000000709c00000|  0%| F|  |TAMS 0x0000000709a00000, 0x0000000709a00000| Untracked 
|  39|0x0000000709c00000, 0x0000000709c00000, 0x0000000709e00000|  0%| F|  |TAMS 0x0000000709c00000, 0x0000000709c00000| Untracked 
|  40|0x0000000709e00000, 0x0000000709e00000, 0x000000070a000000|  0%| F|  |TAMS 0x0000000709e00000, 0x0000000709e00000| Untracked 
|  41|0x000000070a000000, 0x000000070a000000, 0x000000070a200000|  0%| F|  |TAMS 0x000000070a000000, 0x000000070a000000| Untracked 
|  42|0x000000070a200000, 0x000000070a200000, 0x000000070a400000|  0%| F|  |TAMS 0x000000070a200000, 0x000000070a200000| Untracked 
|  43|0x000000070a400000, 0x000000070a400000, 0x000000070a600000|  0%| F|  |TAMS 0x000000070a400000, 0x000000070a400000| Untracked 
|  44|0x000000070a600000, 0x000000070a600000, 0x000000070a800000|  0%| F|  |TAMS 0x000000070a600000, 0x000000070a600000| Untracked 
|  45|0x000000070a800000, 0x000000070a800000, 0x000000070aa00000|  0%| F|  |TAMS 0x000000070a800000, 0x000000070a800000| Untracked 
|  46|0x000000070aa00000, 0x000000070aa00000, 0x000000070ac00000|  0%| F|  |TAMS 0x000000070aa00000, 0x000000070aa00000| Untracked 
|  47|0x000000070ac00000, 0x000000070ac00000, 0x000000070ae00000|  0%| F|  |TAMS 0x000000070ac00000, 0x000000070ac00000| Untracked 
|  48|0x000000070ae00000, 0x000000070ae00000, 0x000000070b000000|  0%| F|  |TAMS 0x000000070ae00000, 0x000000070ae00000| Untracked 
|  49|0x000000070b000000, 0x000000070b000000, 0x000000070b200000|  0%| F|  |TAMS 0x000000070b000000, 0x000000070b000000| Untracked 
|  50|0x000000070b200000, 0x000000070b200000, 0x000000070b400000|  0%| F|  |TAMS 0x000000070b200000, 0x000000070b200000| Untracked 
|  51|0x000000070b400000, 0x000000070b400000, 0x000000070b600000|  0%| F|  |TAMS 0x000000070b400000, 0x000000070b400000| Untracked 
|  52|0x000000070b600000, 0x000000070b600000, 0x000000070b800000|  0%| F|  |TAMS 0x000000070b600000, 0x000000070b600000| Untracked 
|  53|0x000000070b800000, 0x000000070b800000, 0x000000070ba00000|  0%| F|  |TAMS 0x000000070b800000, 0x000000070b800000| Untracked 
|  54|0x000000070ba00000, 0x000000070ba00000, 0x000000070bc00000|  0%| F|  |TAMS 0x000000070ba00000, 0x000000070ba00000| Untracked 
|  55|0x000000070bc00000, 0x000000070bc00000, 0x000000070be00000|  0%| F|  |TAMS 0x000000070bc00000, 0x000000070bc00000| Untracked 
|  56|0x000000070be00000, 0x000000070be00000, 0x000000070c000000|  0%| F|  |TAMS 0x000000070be00000, 0x000000070be00000| Untracked 
|  57|0x000000070c000000, 0x000000070c000000, 0x000000070c200000|  0%| F|  |TAMS 0x000000070c000000, 0x000000070c000000| Untracked 
|  58|0x000000070c200000, 0x000000070c200000, 0x000000070c400000|  0%| F|  |TAMS 0x000000070c200000, 0x000000070c200000| Untracked 
|  59|0x000000070c400000, 0x000000070c400000, 0x000000070c600000|  0%| F|  |TAMS 0x000000070c400000, 0x000000070c400000| Untracked 
|  60|0x000000070c600000, 0x000000070c600000, 0x000000070c800000|  0%| F|  |TAMS 0x000000070c600000, 0x000000070c600000| Untracked 
|  61|0x000000070c800000, 0x000000070c800000, 0x000000070ca00000|  0%| F|  |TAMS 0x000000070c800000, 0x000000070c800000| Untracked 
|  62|0x000000070ca00000, 0x000000070ca00000, 0x000000070cc00000|  0%| F|  |TAMS 0x000000070ca00000, 0x000000070ca00000| Untracked 
|  63|0x000000070cc00000, 0x000000070cc00000, 0x000000070ce00000|  0%| F|  |TAMS 0x000000070cc00000, 0x000000070cc00000| Untracked 
|  64|0x000000070ce00000, 0x000000070ce00000, 0x000000070d000000|  0%| F|  |TAMS 0x000000070ce00000, 0x000000070ce00000| Untracked 
|  65|0x000000070d000000, 0x000000070d000000, 0x000000070d200000|  0%| F|  |TAMS 0x000000070d000000, 0x000000070d000000| Untracked 
|  66|0x000000070d200000, 0x000000070d200000, 0x000000070d400000|  0%| F|  |TAMS 0x000000070d200000, 0x000000070d200000| Untracked 
|  67|0x000000070d400000, 0x000000070d400000, 0x000000070d600000|  0%| F|  |TAMS 0x000000070d400000, 0x000000070d400000| Untracked 
|  68|0x000000070d600000, 0x000000070d600000, 0x000000070d800000|  0%| F|  |TAMS 0x000000070d600000, 0x000000070d600000| Untracked 
|  69|0x000000070d800000, 0x000000070d800000, 0x000000070da00000|  0%| F|  |TAMS 0x000000070d800000, 0x000000070d800000| Untracked 
|  70|0x000000070da00000, 0x000000070da00000, 0x000000070dc00000|  0%| F|  |TAMS 0x000000070da00000, 0x000000070da00000| Untracked 
|  71|0x000000070dc00000, 0x000000070dc00000, 0x000000070de00000|  0%| F|  |TAMS 0x000000070dc00000, 0x000000070dc00000| Untracked 
|  72|0x000000070de00000, 0x000000070de00000, 0x000000070e000000|  0%| F|  |TAMS 0x000000070de00000, 0x000000070de00000| Untracked 
|  73|0x000000070e000000, 0x000000070e000000, 0x000000070e200000|  0%| F|  |TAMS 0x000000070e000000, 0x000000070e000000| Untracked 
|  74|0x000000070e200000, 0x000000070e200000, 0x000000070e400000|  0%| F|  |TAMS 0x000000070e200000, 0x000000070e200000| Untracked 
|  75|0x000000070e400000, 0x000000070e400000, 0x000000070e600000|  0%| F|  |TAMS 0x000000070e400000, 0x000000070e400000| Untracked 
|  76|0x000000070e600000, 0x000000070e600000, 0x000000070e800000|  0%| F|  |TAMS 0x000000070e600000, 0x000000070e600000| Untracked 
|  77|0x000000070e800000, 0x000000070e800000, 0x000000070ea00000|  0%| F|  |TAMS 0x000000070e800000, 0x000000070e800000| Untracked 
|  78|0x000000070ea00000, 0x000000070ea00000, 0x000000070ec00000|  0%| F|  |TAMS 0x000000070ea00000, 0x000000070ea00000| Untracked 
|  79|0x000000070ec00000, 0x000000070ec00000, 0x000000070ee00000|  0%| F|  |TAMS 0x000000070ec00000, 0x000000070ec00000| Untracked 
|  80|0x000000070ee00000, 0x000000070ee00000, 0x000000070f000000|  0%| F|  |TAMS 0x000000070ee00000, 0x000000070ee00000| Untracked 
|  81|0x000000070f000000, 0x000000070f000000, 0x000000070f200000|  0%| F|  |TAMS 0x000000070f000000, 0x000000070f000000| Untracked 
|  82|0x000000070f200000, 0x000000070f200000, 0x000000070f400000|  0%| F|  |TAMS 0x000000070f200000, 0x000000070f200000| Untracked 
|  83|0x000000070f400000, 0x000000070f400000, 0x000000070f600000|  0%| F|  |TAMS 0x000000070f400000, 0x000000070f400000| Untracked 
|  84|0x000000070f600000, 0x000000070f600000, 0x000000070f800000|  0%| F|  |TAMS 0x000000070f600000, 0x000000070f600000| Untracked 
|  85|0x000000070f800000, 0x000000070f800000, 0x000000070fa00000|  0%| F|  |TAMS 0x000000070f800000, 0x000000070f800000| Untracked 
|  86|0x000000070fa00000, 0x000000070fa00000, 0x000000070fc00000|  0%| F|  |TAMS 0x000000070fa00000, 0x000000070fa00000| Untracked 
|  87|0x000000070fc00000, 0x000000070fc00000, 0x000000070fe00000|  0%| F|  |TAMS 0x000000070fc00000, 0x000000070fc00000| Untracked 
|  88|0x000000070fe00000, 0x000000070fe00000, 0x0000000710000000|  0%| F|  |TAMS 0x000000070fe00000, 0x000000070fe00000| Untracked 
|  89|0x0000000710000000, 0x0000000710000000, 0x0000000710200000|  0%| F|  |TAMS 0x0000000710000000, 0x0000000710000000| Untracked 
|  90|0x0000000710200000, 0x0000000710200000, 0x0000000710400000|  0%| F|  |TAMS 0x0000000710200000, 0x0000000710200000| Untracked 
|  91|0x0000000710400000, 0x0000000710400000, 0x0000000710600000|  0%| F|  |TAMS 0x0000000710400000, 0x0000000710400000| Untracked 
|  92|0x0000000710600000, 0x0000000710600000, 0x0000000710800000|  0%| F|  |TAMS 0x0000000710600000, 0x0000000710600000| Untracked 
|  93|0x0000000710800000, 0x0000000710800000, 0x0000000710a00000|  0%| F|  |TAMS 0x0000000710800000, 0x0000000710800000| Untracked 
|  94|0x0000000710a00000, 0x0000000710a00000, 0x0000000710c00000|  0%| F|  |TAMS 0x0000000710a00000, 0x0000000710a00000| Untracked 
|  95|0x0000000710c00000, 0x0000000710c00000, 0x0000000710e00000|  0%| F|  |TAMS 0x0000000710c00000, 0x0000000710c00000| Untracked 
|  96|0x0000000710e00000, 0x0000000710e00000, 0x0000000711000000|  0%| F|  |TAMS 0x0000000710e00000, 0x0000000710e00000| Untracked 
|  97|0x0000000711000000, 0x0000000711000000, 0x0000000711200000|  0%| F|  |TAMS 0x0000000711000000, 0x0000000711000000| Untracked 
|  98|0x0000000711200000, 0x0000000711200000, 0x0000000711400000|  0%| F|  |TAMS 0x0000000711200000, 0x0000000711200000| Untracked 
|  99|0x0000000711400000, 0x0000000711400000, 0x0000000711600000|  0%| F|  |TAMS 0x0000000711400000, 0x0000000711400000| Untracked 
| 100|0x0000000711600000, 0x0000000711600000, 0x0000000711800000|  0%| F|  |TAMS 0x0000000711600000, 0x0000000711600000| Untracked 
| 101|0x0000000711800000, 0x0000000711800000, 0x0000000711a00000|  0%| F|  |TAMS 0x0000000711800000, 0x0000000711800000| Untracked 
| 102|0x0000000711a00000, 0x0000000711a00000, 0x0000000711c00000|  0%| F|  |TAMS 0x0000000711a00000, 0x0000000711a00000| Untracked 
| 103|0x0000000711c00000, 0x0000000711c00000, 0x0000000711e00000|  0%| F|  |TAMS 0x0000000711c00000, 0x0000000711c00000| Untracked 
| 104|0x0000000711e00000, 0x0000000711e00000, 0x0000000712000000|  0%| F|  |TAMS 0x0000000711e00000, 0x0000000711e00000| Untracked 
| 105|0x0000000712000000, 0x0000000712000000, 0x0000000712200000|  0%| F|  |TAMS 0x0000000712000000, 0x0000000712000000| Untracked 
| 106|0x0000000712200000, 0x0000000712200000, 0x0000000712400000|  0%| F|  |TAMS 0x0000000712200000, 0x0000000712200000| Untracked 
| 107|0x0000000712400000, 0x0000000712400000, 0x0000000712600000|  0%| F|  |TAMS 0x0000000712400000, 0x0000000712400000| Untracked 
| 108|0x0000000712600000, 0x0000000712600000, 0x0000000712800000|  0%| F|  |TAMS 0x0000000712600000, 0x0000000712600000| Untracked 
| 109|0x0000000712800000, 0x0000000712800000, 0x0000000712a00000|  0%| F|  |TAMS 0x0000000712800000, 0x0000000712800000| Untracked 
| 110|0x0000000712a00000, 0x0000000712a00000, 0x0000000712c00000|  0%| F|  |TAMS 0x0000000712a00000, 0x0000000712a00000| Untracked 
| 111|0x0000000712c00000, 0x0000000712c00000, 0x0000000712e00000|  0%| F|  |TAMS 0x0000000712c00000, 0x0000000712c00000| Untracked 
| 112|0x0000000712e00000, 0x0000000712e00000, 0x0000000713000000|  0%| F|  |TAMS 0x0000000712e00000, 0x0000000712e00000| Untracked 
| 113|0x0000000713000000, 0x00000007131cea58, 0x0000000713200000| 90%| S|CS|TAMS 0x0000000713000000, 0x0000000713000000| Complete 
| 114|0x0000000713200000, 0x0000000713400000, 0x0000000713400000|100%| S|CS|TAMS 0x0000000713200000, 0x0000000713200000| Complete 
| 115|0x0000000713400000, 0x0000000713400000, 0x0000000713600000|  0%| F|  |TAMS 0x0000000713400000, 0x0000000713400000| Untracked 
| 116|0x0000000713600000, 0x0000000713600000, 0x0000000713800000|  0%| F|  |TAMS 0x0000000713600000, 0x0000000713600000| Untracked 
| 117|0x0000000713800000, 0x0000000713800000, 0x0000000713a00000|  0%| F|  |TAMS 0x0000000713800000, 0x0000000713800000| Untracked 
| 118|0x0000000713a00000, 0x0000000713a00000, 0x0000000713c00000|  0%| F|  |TAMS 0x0000000713a00000, 0x0000000713a00000| Untracked 
| 119|0x0000000713c00000, 0x0000000713c00000, 0x0000000713e00000|  0%| F|  |TAMS 0x0000000713c00000, 0x0000000713c00000| Untracked 
| 120|0x0000000713e00000, 0x0000000713e00000, 0x0000000714000000|  0%| F|  |TAMS 0x0000000713e00000, 0x0000000713e00000| Untracked 
| 121|0x0000000714000000, 0x0000000714000000, 0x0000000714200000|  0%| F|  |TAMS 0x0000000714000000, 0x0000000714000000| Untracked 
| 122|0x0000000714200000, 0x0000000714200000, 0x0000000714400000|  0%| F|  |TAMS 0x0000000714200000, 0x0000000714200000| Untracked 
| 123|0x0000000714400000, 0x0000000714400000, 0x0000000714600000|  0%| F|  |TAMS 0x0000000714400000, 0x0000000714400000| Untracked 
| 124|0x0000000714600000, 0x00000007147ba480, 0x0000000714800000| 86%| E|  |TAMS 0x0000000714600000, 0x0000000714600000| Complete 
| 125|0x0000000714800000, 0x0000000714a00000, 0x0000000714a00000|100%| E|CS|TAMS 0x0000000714800000, 0x0000000714800000| Complete 

Card table byte_map: [0x00000254c8130000,0x00000254c8910000] _byte_map_base: 0x00000254c4909000

Marking Bits (Prev, Next): (CMBitMap*) 0x00000254ae7d04d0, (CMBitMap*) 0x00000254ae7d0510
 Prev Bits: [0x00000254c90f0000, 0x00000254ccfb8000)
 Next Bits: [0x00000254ccfc0000, 0x00000254d0e88000)

Polling page: 0x00000254ae830000

Metaspace:

Usage:
  Non-class:      4.95 MB used.
      Class:    631.42 KB used.
       Both:      5.56 MB used.

Virtual space:
  Non-class space:       64.00 MB reserved,       5.00 MB (  8%) committed,  1 nodes.
      Class space:        1.00 GB reserved,     768.00 KB ( <1%) committed,  1 nodes.
             Both:        1.06 GB reserved,       5.75 MB ( <1%) committed. 

Chunk freelists:
   Non-Class:  1.19 MB
       Class:  3.30 MB
        Both:  4.48 MB

MaxMetaspaceSize: unlimited
CompressedClassSpaceSize: 1.00 GB
Initial GC threshold: 21.00 MB
Current GC threshold: 21.00 MB
CDS: on
MetaspaceReclaimPolicy: balanced
 - commit_granule_bytes: 65536.
 - commit_granule_words: 8192.
 - virtual_space_node_default_size: 8388608.
 - enlarge_chunks_in_place: 1.
 - new_chunks_are_fully_committed: 0.
 - uncommit_free_chunks: 1.
 - use_allocation_guard: 0.


Internal statistics:

num_allocs_failed_limit: 0.
num_arena_births: 46.
num_arena_deaths: 0.
num_vsnodes_births: 2.
num_vsnodes_deaths: 0.
num_space_committed: 92.
num_space_uncommitted: 0.
num_chunks_returned_to_freelist: 0.
num_chunks_taken_from_freelist: 190.
num_chunk_merges: 0.
num_chunk_splits: 137.
num_chunks_enlarged: 116.
num_inconsistent_stats: 0.

CodeHeap 'non-profiled nmethods': size=120000Kb used=304Kb max_used=304Kb free=119695Kb
 bounds [0x00000254bf9b0000, 0x00000254bfc20000, 0x00000254c6ee0000]
CodeHeap 'profiled nmethods': size=120000Kb used=2051Kb max_used=2051Kb free=117949Kb
 bounds [0x00000254b7ee0000, 0x00000254b8150000, 0x00000254bf410000]
CodeHeap 'non-nmethods': size=5760Kb used=1260Kb max_used=1293Kb free=4499Kb
 bounds [0x00000254bf410000, 0x00000254bf680000, 0x00000254bf9b0000]
 total_blobs=1485 nmethods=1029 adapters=367
 compilation: enabled
              stopped_count=0, restarted_count=0
 full_count=0

Compilation events (20 events):
Event: 0.368 Thread 0x00000254d3969700 1034       2       jdk.internal.loader.URLClassPath$JarLoader$2::getBytes (48 bytes)
Event: 0.368 Thread 0x00000254d3969700 nmethod 1034 0x00000254b80da090 code [0x00000254b80da260, 0x00000254b80da588]
Event: 0.368 Thread 0x00000254d3969700 1035       2       jdk.internal.loader.URLClassPath$JarLoader$2::getContentLength (9 bytes)
Event: 0.368 Thread 0x00000254d3969700 nmethod 1035 0x00000254b80da790 code [0x00000254b80da920, 0x00000254b80daa38]
Event: 0.368 Thread 0x00000254d3969700 1036       2       jdk.internal.loader.URLClassPath$JarLoader$2::getCodeSigners (8 bytes)
Event: 0.368 Thread 0x00000254d3969700 nmethod 1036 0x00000254b80dab10 code [0x00000254b80dacc0, 0x00000254b80dade8]
Event: 0.368 Thread 0x00000254d3969700 1037   !   2       java.util.jar.JarFile$JarFileEntry::getCodeSigners (81 bytes)
Event: 0.368 Thread 0x00000254d3969700 nmethod 1037 0x00000254b80dae90 code [0x00000254b80db080, 0x00000254b80db448]
Event: 0.372 Thread 0x00000254d3969700 1040       1       org.codehaus.plexus.util.xml.pull.MXParser::getDepth (5 bytes)
Event: 0.372 Thread 0x00000254d3969700 nmethod 1040 0x00000254bf9fb310 code [0x00000254bf9fb4a0, 0x00000254bf9fb558]
Event: 0.377 Thread 0x00000254d3969700 1041       2       java.util.concurrent.locks.AbstractQueuedSynchronizer::signalNext (34 bytes)
Event: 0.377 Thread 0x00000254d3969700 nmethod 1041 0x00000254b80db610 code [0x00000254b80db7e0, 0x00000254b80db9e8]
Event: 0.377 Thread 0x00000254d3969700 1042       3       java.util.concurrent.locks.ReentrantLock$NonfairSync::initialTryLock (58 bytes)
Event: 0.377 Thread 0x00000254d3969700 nmethod 1042 0x00000254b80dbb10 code [0x00000254b80dbd00, 0x00000254b80dc118]
Event: 0.377 Thread 0x00000254d3969700 1043       2       jdk.internal.ref.PhantomCleanable::clean (16 bytes)
Event: 0.378 Thread 0x00000254d3969700 nmethod 1043 0x00000254b80dc210 code [0x00000254b80dc3c0, 0x00000254b80dc548]
Event: 0.379 Thread 0x00000254d3969700 1045       2       java.util.HashMap::isEmpty (13 bytes)
Event: 0.379 Thread 0x00000254d3969700 nmethod 1045 0x00000254b80dc610 code [0x00000254b80dc7a0, 0x00000254b80dc8b8]
Event: 0.386 Thread 0x00000254d3969700 1048       2       java.util.Collections::emptyMap (4 bytes)
Event: 0.386 Thread 0x00000254d3969700 nmethod 1048 0x00000254b80dc990 code [0x00000254b80dcb20, 0x00000254b80dcc18]

GC Heap History (2 events):
Event: 0.373 GC heap before
{Heap before GC invocations=0 (full 0):
 garbage-first heap   total 258048K, used 22528K [0x0000000704e00000, 0x0000000800000000)
  region size 2048K, 11 young (22528K), 0 survivors (0K)
 Metaspace       used 5566K, committed 5760K, reserved 1114112K
  class space    used 612K, committed 704K, reserved 1048576K
}
Event: 0.377 GC heap after
{Heap after GC invocations=1 (full 0):
 garbage-first heap   total 258048K, used 3898K [0x0000000704e00000, 0x0000000800000000)
  region size 2048K, 2 young (4096K), 2 survivors (4096K)
 Metaspace       used 5566K, committed 5760K, reserved 1114112K
  class space    used 612K, committed 704K, reserved 1048576K
}

Dll operation events (8 events):
Event: 0.007 Loaded shared library C:\Program Files\Java\jdk-19\bin\java.dll
Event: 0.015 Loaded shared library C:\Program Files\Java\jdk-19\bin\jsvml.dll
Event: 0.050 Loaded shared library C:\Program Files\Java\jdk-19\bin\net.dll
Event: 0.051 Loaded shared library C:\Program Files\Java\jdk-19\bin\nio.dll
Event: 0.053 Loaded shared library C:\Program Files\Java\jdk-19\bin\zip.dll
Event: 0.057 Loaded shared library C:\Program Files\Java\jdk-19\bin\jimage.dll
Event: 0.155 Loaded shared library C:\Users\ericpaldor\AppData\Local\Temp\jansi-2.4.0-372041c8bed4a4f-jansi.dll
Event: 0.160 Loaded shared library C:\Program Files\Java\jdk-19\bin\verify.dll

Deoptimization events (20 events):
Event: 0.341 Thread 0x00000254ae760a50 DEOPT PACKING pc=0x00000254bf9d7cd0 sp=0x000000b98c2fdd60
Event: 0.341 Thread 0x00000254ae760a50 DEOPT UNPACKING pc=0x00000254bf47a5a3 sp=0x000000b98c2fdcf0 mode 2
Event: 0.345 Thread 0x00000254ae760a50 Uncommon trap: trap_request=0xffffffde fr.pc=0x00000254bf9e2ab8 relative=0x0000000000000538
Event: 0.345 Thread 0x00000254ae760a50 Uncommon trap: reason=class_check action=maybe_recompile pc=0x00000254bf9e2ab8 method=java.util.regex.Matcher.search(I)Z @ 121 c2
Event: 0.345 Thread 0x00000254ae760a50 DEOPT PACKING pc=0x00000254bf9e2ab8 sp=0x000000b98c2fdba0
Event: 0.345 Thread 0x00000254ae760a50 DEOPT UNPACKING pc=0x00000254bf47a5a3 sp=0x000000b98c2fdb80 mode 2
Event: 0.345 Thread 0x00000254ae760a50 Uncommon trap: trap_request=0xffffff45 fr.pc=0x00000254bf9f8968 relative=0x00000000000000c8
Event: 0.345 Thread 0x00000254ae760a50 Uncommon trap: reason=unstable_if action=reinterpret pc=0x00000254bf9f8968 method=java.util.concurrent.locks.ReentrantLock$Sync.tryRelease(I)Z @ 26 c2
Event: 0.345 Thread 0x00000254ae760a50 DEOPT PACKING pc=0x00000254bf9f8968 sp=0x000000b98c2fd5e0
Event: 0.345 Thread 0x00000254ae760a50 DEOPT UNPACKING pc=0x00000254bf47a5a3 sp=0x000000b98c2fd580 mode 2
Event: 0.364 Thread 0x00000254ae760a50 DEOPT PACKING pc=0x00000254b7f4d4de sp=0x000000b98c2fdac0
Event: 0.364 Thread 0x00000254ae760a50 DEOPT UNPACKING pc=0x00000254bf47b0e3 sp=0x000000b98c2fcf98 mode 0
Event: 0.364 Thread 0x00000254ae760a50 Uncommon trap: trap_request=0xffffffde fr.pc=0x00000254bf9e2ab8 relative=0x0000000000000538
Event: 0.364 Thread 0x00000254ae760a50 Uncommon trap: reason=class_check action=maybe_recompile pc=0x00000254bf9e2ab8 method=java.util.regex.Matcher.search(I)Z @ 121 c2
Event: 0.364 Thread 0x00000254ae760a50 DEOPT PACKING pc=0x00000254bf9e2ab8 sp=0x000000b98c2fdba0
Event: 0.364 Thread 0x00000254ae760a50 DEOPT UNPACKING pc=0x00000254bf47a5a3 sp=0x000000b98c2fdb80 mode 2
Event: 0.377 Thread 0x00000254d3957ef0 Uncommon trap: trap_request=0xffffff45 fr.pc=0x00000254bf9f6794 relative=0x0000000000000174
Event: 0.377 Thread 0x00000254d3957ef0 Uncommon trap: reason=unstable_if action=reinterpret pc=0x00000254bf9f6794 method=java.util.concurrent.locks.ReentrantLock$NonfairSync.initialTryLock()Z @ 25 c2
Event: 0.377 Thread 0x00000254d3957ef0 DEOPT PACKING pc=0x00000254bf9f6794 sp=0x000000b98c9ff500
Event: 0.377 Thread 0x00000254d3957ef0 DEOPT UNPACKING pc=0x00000254bf47a5a3 sp=0x000000b98c9ff4a0 mode 2

Classes loaded (20 events):
Event: 0.331 Loading class java/lang/reflect/TypeVariable
Event: 0.331 Loading class java/lang/reflect/TypeVariable done
Event: 0.331 Loading class sun/reflect/generics/tree/FormalTypeParameter
Event: 0.331 Loading class sun/reflect/generics/tree/FormalTypeParameter done
Event: 0.331 Loading class sun/reflect/generics/tree/ClassSignature
Event: 0.331 Loading class sun/reflect/generics/tree/Signature
Event: 0.331 Loading class sun/reflect/generics/tree/Signature done
Event: 0.331 Loading class sun/reflect/generics/tree/ClassSignature done
Event: 0.332 Loading class java/lang/reflect/WildcardType
Event: 0.332 Loading class java/lang/reflect/WildcardType done
Event: 0.333 Loading class sun/reflect/generics/tree/TypeVariableSignature
Event: 0.333 Loading class sun/reflect/generics/tree/TypeVariableSignature done
Event: 0.338 Loading class java/lang/annotation/IncompleteAnnotationException
Event: 0.338 Loading class java/lang/annotation/IncompleteAnnotationException done
Event: 0.361 Loading class java/lang/foreign/MemorySegment
Event: 0.361 Loading class java/lang/foreign/Addressable
Event: 0.361 Loading class java/lang/foreign/Addressable done
Event: 0.361 Loading class java/lang/foreign/MemorySegment done
Event: 0.377 Loading class java/util/concurrent/locks/AbstractQueuedSynchronizer$ExclusiveNode
Event: 0.377 Loading class java/util/concurrent/locks/AbstractQueuedSynchronizer$ExclusiveNode done

Classes unloaded (0 events):
No events

Classes redefined (0 events):
No events

Internal exceptions (14 events):
Event: 0.096 Thread 0x00000254ae760a50 Exception <a 'java/lang/NoSuchMethodError'{0x000000071477d6a0}: 'void java.lang.invoke.DirectMethodHandle$Holder.invokeStatic(java.lang.Object, java.lang.Object)'> (0x000000071477d6a0) 
thrown [s\open\src\hotspot\share\interpreter\linkResolver.cpp, line 774]
Event: 0.096 Thread 0x00000254ae760a50 Exception <a 'java/lang/NoSuchMethodError'{0x0000000714781340}: 'void java.lang.invoke.DirectMethodHandle$Holder.invokeSpecial(java.lang.Object, java.lang.Object, java.lang.Object)'> (0x0000000714781340) 
thrown [s\open\src\hotspot\share\interpreter\linkResolver.cpp, line 774]
Event: 0.138 Thread 0x00000254ae760a50 Exception <a 'java/lang/NoSuchMethodError'{0x000000071455ee00}: 'java.lang.Object java.lang.invoke.Invokers$Holder.invokeExact_MT(java.lang.Object, java.lang.Object, java.lang.Object, java.lang.Object, java.lang.Object)'> (0x000000071455ee00) 
thrown [s\open\src\hotspot\share\interpreter\linkResolver.cpp, line 774]
Event: 0.143 Thread 0x00000254ae760a50 Exception <a 'java/lang/NullPointerException'{0x00000007145b3fa8}> (0x00000007145b3fa8) 
thrown [s\open\src\hotspot\share\interpreter\linkResolver.cpp, line 1374]
Event: 0.156 Thread 0x00000254ae760a50 Exception <a 'java/lang/NullPointerException'{0x0000000714205068}> (0x0000000714205068) 
thrown [s\open\src\hotspot\share\interpreter\linkResolver.cpp, line 1374]
Event: 0.156 Thread 0x00000254ae760a50 Exception <a 'java/lang/NullPointerException'{0x0000000714205348}> (0x0000000714205348) 
thrown [s\open\src\hotspot\share\interpreter\linkResolver.cpp, line 1374]
Event: 0.156 Thread 0x00000254ae760a50 Exception <a 'java/lang/NullPointerException'{0x0000000714205628}> (0x0000000714205628) 
thrown [s\open\src\hotspot\share\interpreter\linkResolver.cpp, line 1374]
Event: 0.156 Thread 0x00000254ae760a50 Exception <a 'java/lang/NullPointerException'{0x000000071420aed8}> (0x000000071420aed8) 
thrown [s\open\src\hotspot\share\interpreter\linkResolver.cpp, line 1374]
Event: 0.157 Thread 0x00000254ae760a50 Exception <a 'java/lang/NullPointerException'{0x000000071421ea30}> (0x000000071421ea30) 
thrown [s\open\src\hotspot\share\interpreter\linkResolver.cpp, line 1374]
Event: 0.157 Thread 0x00000254ae760a50 Exception <a 'java/lang/NullPointerException'{0x000000071421ed10}> (0x000000071421ed10) 
thrown [s\open\src\hotspot\share\interpreter\linkResolver.cpp, line 1374]
Event: 0.157 Thread 0x00000254ae760a50 Exception <a 'java/lang/NullPointerException'{0x000000071421eff0}> (0x000000071421eff0) 
thrown [s\open\src\hotspot\share\interpreter\linkResolver.cpp, line 1374]
Event: 0.157 Thread 0x00000254ae760a50 Exception <a 'java/lang/NullPointerException'{0x000000071421f2d0}> (0x000000071421f2d0) 
thrown [s\open\src\hotspot\share\interpreter\linkResolver.cpp, line 1374]
Event: 0.317 Thread 0x00000254ae760a50 Exception <a 'java/lang/NoSuchMethodError'{0x000000071386e860}: 'java.lang.Object java.lang.invoke.DirectMethodHandle$Holder.newInvokeSpecial(java.lang.Object, java.lang.Object, java.lang.Object, java.lang.Object, java.lang.Object)'> (0x000000071386e860) 
thrown [s\open\src\hotspot\share\interpreter\linkResolver.cpp, line 774]
Event: 0.338 Thread 0x00000254ae760a50 Exception <a 'java/lang/NoClassDefFoundError'{0x00000007139e9b98}: javax/enterprise/inject/Typed> (0x00000007139e9b98) 
thrown [s\open\src\hotspot\share\classfile\systemDictionary.cpp, line 244]

VM Operations (10 events):
Event: 0.054 Executing VM operation: HandshakeAllThreads
Event: 0.054 Executing VM operation: HandshakeAllThreads done
Event: 0.201 Executing VM operation: HandshakeAllThreads
Event: 0.201 Executing VM operation: HandshakeAllThreads done
Event: 0.345 Executing VM operation: ICBufferFull
Event: 0.345 Executing VM operation: ICBufferFull done
Event: 0.373 Executing VM operation: G1CollectForAllocation
Event: 0.377 Executing VM operation: G1CollectForAllocation done
Event: 0.377 Executing VM operation: HandshakeAllThreads
Event: 0.377 Executing VM operation: HandshakeAllThreads done

Events (14 events):
Event: 0.016 Thread 0x00000254ae760a50 Thread added: 0x00000254ae760a50
Event: 0.030 Thread 0x00000254d3957ef0 Thread added: 0x00000254d3957ef0
Event: 0.030 Thread 0x00000254d3958e80 Thread added: 0x00000254d3958e80
Event: 0.030 Thread 0x00000254d395e1b0 Thread added: 0x00000254d395e1b0
Event: 0.030 Thread 0x00000254d3961f00 Thread added: 0x00000254d3961f00
Event: 0.030 Thread 0x00000254d39629d0 Thread added: 0x00000254d39629d0
Event: 0.030 Thread 0x00000254d3961100 Thread added: 0x00000254d3961100
Event: 0.030 Thread 0x00000254d3967360 Thread added: 0x00000254d3967360
Event: 0.030 Thread 0x00000254d3969700 Thread added: 0x00000254d3969700
Event: 0.031 Thread 0x00000254d396e010 Thread added: 0x00000254d396e010
Event: 0.044 Thread 0x00000254d7cede30 Thread added: 0x00000254d7cede30
Event: 0.047 Thread 0x00000254d7cf6800 Thread added: 0x00000254d7cf6800
Event: 0.260 Thread 0x00000254d81918d0 Thread added: 0x00000254d81918d0
Event: 0.350 Thread 0x00000254d8662360 Thread added: 0x00000254d8662360


Dynamic libraries:
0x00007ff692f10000 - 0x00007ff692f20000 	C:\Program Files\Java\jdk-19\bin\java.exe
0x00007ffeeeb50000 - 0x00007ffeeed48000 	C:\Windows\SYSTEM32\ntdll.dll
0x00007ffeed250000 - 0x00007ffeed30f000 	C:\Windows\System32\KERNEL32.DLL
0x00007ffeec700000 - 0x00007ffeec9d2000 	C:\Windows\System32\KERNELBASE.dll
0x00007ffeec600000 - 0x00007ffeec700000 	C:\Windows\System32\ucrtbase.dll
0x00007ffeccf00000 - 0x00007ffeccf1b000 	C:\Program Files\Java\jdk-19\bin\VCRUNTIME140.dll
0x00007ffed7020000 - 0x00007ffed7038000 	C:\Program Files\Java\jdk-19\bin\jli.dll
0x00007ffeed0d0000 - 0x00007ffeed17e000 	C:\Windows\System32\ADVAPI32.dll
0x00007ffeed310000 - 0x00007ffeed3ae000 	C:\Windows\System32\msvcrt.dll
0x00007ffeed180000 - 0x00007ffeed21c000 	C:\Windows\System32\sechost.dll
0x00007ffeed6c0000 - 0x00007ffeed7e5000 	C:\Windows\System32\RPCRT4.dll
0x00007ffeed4e0000 - 0x00007ffeed681000 	C:\Windows\System32\USER32.dll
0x00007ffeb4260000 - 0x00007ffeb44fa000 	C:\Windows\WinSxS\amd64_microsoft.windows.common-controls_6595b64144ccf1df_6.0.19041.1110_none_60b5254171f9507e\COMCTL32.dll
0x00007ffeec290000 - 0x00007ffeec2b2000 	C:\Windows\System32\win32u.dll
0x00007ffeed220000 - 0x00007ffeed24b000 	C:\Windows\System32\GDI32.dll
0x00007ffeeca80000 - 0x00007ffeecb8f000 	C:\Windows\System32\gdi32full.dll
0x00007ffeec9e0000 - 0x00007ffeeca7d000 	C:\Windows\System32\msvcp_win.dll
0x00007ffee0f80000 - 0x00007ffee0f8a000 	C:\Windows\SYSTEM32\VERSION.dll
0x00007ffeed7f0000 - 0x00007ffeed822000 	C:\Windows\System32\IMM32.DLL
0x00007ffee1da0000 - 0x00007ffee1dac000 	C:\Program Files\Java\jdk-19\bin\vcruntime140_1.dll
0x00007ffeb4f50000 - 0x00007ffeb4fde000 	C:\Program Files\Java\jdk-19\bin\msvcp140.dll
0x00007ffe78c00000 - 0x00007ffe798c0000 	C:\Program Files\Java\jdk-19\bin\server\jvm.dll
0x00007ffece3b0000 - 0x00007ffece3d7000 	C:\Windows\SYSTEM32\WINMM.dll
0x00007ffee1f80000 - 0x00007ffee1f89000 	C:\Windows\SYSTEM32\WSOCK32.dll
0x00007ffeeddf0000 - 0x00007ffeede5b000 	C:\Windows\System32\WS2_32.dll
0x00007ffeeaa90000 - 0x00007ffeeaaa2000 	C:\Windows\SYSTEM32\kernel.appcore.dll
0x00007ffee0ec0000 - 0x00007ffee0eca000 	C:\Program Files\Java\jdk-19\bin\jimage.dll
0x00007ffeea010000 - 0x00007ffeea1f4000 	C:\Windows\SYSTEM32\DBGHELP.DLL
0x00007ffec8b30000 - 0x00007ffec8b65000 	C:\Windows\SYSTEM32\dbgcore.DLL
0x00007ffeec410000 - 0x00007ffeec492000 	C:\Windows\System32\bcryptPrimitives.dll
0x00007ffec64d0000 - 0x00007ffec64f6000 	C:\Program Files\Java\jdk-19\bin\java.dll
0x00007ffea3110000 - 0x00007ffea31e7000 	C:\Program Files\Java\jdk-19\bin\jsvml.dll
0x00007ffeee020000 - 0x00007ffeee765000 	C:\Windows\System32\SHELL32.dll
0x00007ffeea2e0000 - 0x00007ffeeaa72000 	C:\Windows\SYSTEM32\windows.storage.dll
0x00007ffeeccf0000 - 0x00007ffeed045000 	C:\Windows\System32\combase.dll
0x00007ffeebca0000 - 0x00007ffeebcd0000 	C:\Windows\SYSTEM32\Wldp.dll
0x00007ffeecb90000 - 0x00007ffeecc3d000 	C:\Windows\System32\SHCORE.dll
0x00007ffeeeab0000 - 0x00007ffeeeb05000 	C:\Windows\System32\shlwapi.dll
0x00007ffeec180000 - 0x00007ffeec19f000 	C:\Windows\SYSTEM32\profapi.dll
0x00007ffec7be0000 - 0x00007ffec7bf3000 	C:\Program Files\Java\jdk-19\bin\net.dll
0x00007ffee5ac0000 - 0x00007ffee5bcc000 	C:\Windows\SYSTEM32\WINHTTP.dll
0x00007ffeeba00000 - 0x00007ffeeba6a000 	C:\Windows\system32\mswsock.dll
0x00007ffec7a30000 - 0x00007ffec7a46000 	C:\Program Files\Java\jdk-19\bin\nio.dll
0x00007ffec4d00000 - 0x00007ffec4d18000 	C:\Program Files\Java\jdk-19\bin\zip.dll
0x0000000069ac0000 - 0x0000000069ae4000 	C:\Users\ericpaldor\AppData\Local\Temp\jansi-2.4.0-372041c8bed4a4f-jansi.dll
0x00007ffed97e0000 - 0x00007ffed97f0000 	C:\Program Files\Java\jdk-19\bin\verify.dll

dbghelp: loaded successfully - version: 4.0.5 - missing functions: none
symbol engine: initialized successfully - sym options: 0x614 - pdb path: .;C:\Program Files\Java\jdk-19\bin;C:\Windows\SYSTEM32;C:\Windows\WinSxS\amd64_microsoft.windows.common-controls_6595b64144ccf1df_6.0.19041.1110_none_60b5254171f9507e;C:\Program Files\Java\jdk-19\bin\server;C:\Users\ericpaldor\AppData\Local\Temp

VM Arguments:
jvm_args: -Dmaven.multiModuleProjectDirectory=E:\OneDrive - Centre d'Estudis Monlau\2DAW\NetBeans\API 
java_command: org.apache.maven.wrapper.MavenWrapperMain -Dexec.vmArgs= -Dexec.args=${exec.vmArgs} -classpath %classpath ${exec.mainClass} ${exec.appArgs} -Dexec.appArgs= -Dexec.mainClass=com.palomar.API.ApiApplication -Dexec.executable=C:\Program Files\Java\jdk-19\bin\java.exe -Dmaven.ext.class.path=C:\Program Files\NetBeans-13\netbeans\java\maven-nblib\netbeans-eventspy.jar org.codehaus.mojo:exec-maven-plugin:3.0.0:exec
java_class_path (initial): E:\OneDrive - Centre d'Estudis Monlau\2DAW\NetBeans\API\.mvn\wrapper\maven-wrapper.jar
Launcher Type: SUN_STANDARD

[Global flags]
     intx CICompilerCount                          = 4                                         {product} {ergonomic}
     uint ConcGCThreads                            = 2                                         {product} {ergonomic}
     uint G1ConcRefinementThreads                  = 8                                         {product} {ergonomic}
   size_t G1HeapRegionSize                         = 2097152                                   {product} {ergonomic}
    uintx GCDrainStackTargetSize                   = 64                                        {product} {ergonomic}
   size_t InitialHeapSize                          = 264241152                                 {product} {ergonomic}
   size_t MarkStackSize                            = 4194304                                   {product} {ergonomic}
   size_t MaxHeapSize                              = 4213178368                                {product} {ergonomic}
   size_t MaxNewSize                               = 2527068160                                {product} {ergonomic}
   size_t MinHeapDeltaBytes                        = 2097152                                   {product} {ergonomic}
   size_t MinHeapSize                              = 8388608                                   {product} {ergonomic}
    uintx NonNMethodCodeHeapSize                   = 5839372                                {pd product} {ergonomic}
    uintx NonProfiledCodeHeapSize                  = 122909434                              {pd product} {ergonomic}
    uintx ProfiledCodeHeapSize                     = 122909434                              {pd product} {ergonomic}
    uintx ReservedCodeCacheSize                    = 251658240                              {pd product} {ergonomic}
     bool SegmentedCodeCache                       = true                                      {product} {ergonomic}
   size_t SoftMaxHeapSize                          = 4213178368                             {manageable} {ergonomic}
     bool UseCompressedClassPointers               = true                           {product lp64_product} {ergonomic}
     bool UseCompressedOops                        = true                           {product lp64_product} {ergonomic}
     bool UseG1GC                                  = true                                      {product} {ergonomic}
     bool UseLargePagesIndividualAllocation        = false                                  {pd product} {ergonomic}

Logging:
Log output configuration:
 #0: stdout all=warning uptime,level,tags foldmultilines=false
 #1: stderr all=off uptime,level,tags foldmultilines=false

Environment Variables:
JAVA_HOME=C:\Program Files\Java\jdk-19
PATH=C:\Program Files\Common Files\Oracle\Java\javapath;C:\Program Files (x86)\Common Files\Oracle\Java\javapath;C:\Program Files (x86)\VMware\VMware Workstation\bin\;C:\Program Files\Microsoft\jdk-11.0.12.7-hotspot\bin;C:\Windows\system32;C:\Windows;C:\Windows\System32\Wbem;C:\Windows\System32\WindowsPowerShell\v1.0\;C:\Windows\System32\OpenSSH\;C:\Program Files\Docker\Docker\resources\bin;C:\ProgramData\DockerDesktop\version-bin;C:\Program Files\Microsoft SQL Server\150\Tools\Binn\;C:\Program Files\Microsoft SQL Server\Client SDK\ODBC\170\Tools\Binn\;C:\Program Files\nodejs\;C:\Program Files (x86)\Microsoft SQL Server\150\DTS\Binn\;C:\Program Files (x86)\Microsoft SQL Server\150\Tools\Binn\;C:\Program Files\Microsoft SQL Server\150\DTS\Binn\;C:\Program Files\Azure Data Studio\bin;C:\Program Files (x86)\Microsoft SQL Server\160\DTS\Binn\;C:\Program Files\dotnet\;C:\Program Files\Crucial\Crucial Storage Executive;C:\Program Files (x86)\BaseX\bin;C:\Program Files\Java\jdk-19\bin;C:\Users\ericpaldor\AppData\Local\Microsoft\WindowsApps;;E:\Microsoft VS Code\bin;C:\Users\ericpaldor\AppData\Roaming\npm;C:\Users\ericpaldor\.dotnet\tools;C:\Program Files\Azure Data Studio\bin
USERNAME=ericpaldor
OS=Windows_NT
PROCESSOR_IDENTIFIER=Intel64 Family 6 Model 140 Stepping 1, GenuineIntel
TMP=C:\Users\ERICPA~1\AppData\Local\Temp
TEMP=C:\Users\ERICPA~1\AppData\Local\Temp



---------------  S Y S T E M  ---------------

OS:
 Windows 10 , 64 bit Build 19041 (10.0.19041.2546)
OS uptime: 0 days 23:36 hours

CPU: total 8 (initial active 8) (4 cores per cpu, 2 threads per core) family 6 model 140 stepping 1 microcode 0xa4, cx8, cmov, fxsr, ht, mmx, 3dnowpref, sse, sse2, sse3, ssse3, sse4.1, sse4.2, popcnt, lzcnt, tsc, tscinvbit, avx, avx2, aes, erms, clmul, bmi1, bmi2, adx, avx512f, avx512dq, avx512cd, avx512bw, avx512vl, sha, fma, vzeroupper, avx512_vpopcntdq, avx512_vpclmulqdq, avx512_vaes, avx512_vnni, clflush, clflushopt, clwb, avx512_vbmi2, avx512_vbmi, rdtscp, rdpid, fsrm, gfni, avx512_bitalg

Memory: 4k page, system-wide physical 16064M (1121M free)
TotalPageFile size 16064M (AvailPageFile size 7M)
current process WorkingSet (physical memory assigned to process): 86M, peak: 90M
current process commit charge ("private bytes"): 364M, peak: 369M

vm_info: Java HotSpot(TM) 64-Bit Server VM (19.0.2+7-44) for windows-amd64 JRE (19.0.2+7-44), built on 2022-11-30T18:02:09Z by "mach5one" with MS VC++ 17.1 (VS2022)

END.
