#
# There is insufficient memory for the Java Runtime Environment to continue.
# Native memory allocation (malloc) failed to allocate 710896 bytes for Chunk::new
# Possible reasons:
#   The system is out of physical RAM or swap space
#   The process is running with CompressedOops enabled, and the Java Heap may be blocking the growth of the native heap
# Possible solutions:
#   Reduce memory load on the system
#   Increase physical memory or swap space
#   Check if swap backing store is full
#   Decrease Java heap size (-Xmx/-Xms)
#   Decrease number of Java threads
#   Decrease Java thread stack sizes (-Xss)
#   Set larger code cache with -XX:ReservedCodeCacheSize=
#   JVM is running with Zero Based Compressed Oops mode in which the Java heap is
#     placed in the first 32GB address space. The Java Heap base address is the
#     maximum limit for the native heap growth. Please use -XX:HeapBaseMinAddress
#     to set the Java Heap base and to place the Java Heap above 32GB virtual address.
# This output file may be truncated or incomplete.
#
#  Out of Memory Error (arena.cpp:184), pid=14520, tid=16164
#
# JRE version: Java(TM) SE Runtime Environment (18.0.1.1+2) (build 18.0.1.1+2-6)
# Java VM: Java HotSpot(TM) 64-Bit Server VM (18.0.1.1+2-6, mixed mode, sharing, tiered, compressed oops, compressed class ptrs, g1 gc, windows-amd64)
# No core dump will be written. Minidumps are not enabled by default on client versions of Windows
#

---------------  S U M M A R Y ------------

Command Line: -Dmaven.multiModuleProjectDirectory=E:\OneDrive - Centre d'Estudis Monlau\2DAW\NetBeans\API org.apache.maven.wrapper.MavenWrapperMain -Dexec.vmArgs= -Dexec.args=${exec.vmArgs} -classpath %classpath ${exec.mainClass} ${exec.appArgs} -Dexec.appArgs= -Dexec.mainClass=com.palomar.API.ApiApplication -Dexec.executable=C:\Program Files\Java\jdk-18.0.1.1\bin\java.exe -Dmaven.ext.class.path=C:\Program Files\NetBeans-13\netbeans\java\maven-nblib\netbeans-eventspy.jar org.codehaus.mojo:exec-maven-plugin:3.0.0:exec

Host: 11th Gen Intel(R) Core(TM) i7-1165G7 @ 2.80GHz, 8 cores, 15G,  Windows 10 , 64 bit Build 19041 (10.0.19041.2546)
Time: Tue Jan 24 18:36:14 2023 Hora estándar romance elapsed time: 1.295287 seconds (0d 0h 0m 1s)

---------------  T H R E A D  ---------------

Current thread (0x0000028bc9d6eee0):  JavaThread "C2 CompilerThread2" daemon [_thread_in_native, id=16164, stack(0x000000f921700000,0x000000f921800000)]


Current CompileTask:
C2:   1295 3056       4       org.codehaus.plexus.util.xml.pull.MXParser::parseStartTag (1195 bytes)

Stack: [0x000000f921700000,0x000000f921800000]
Native frames: (J=compiled Java code, j=interpreted, Vv=VM code, C=native code)
V  [jvm.dll+0x69887a]
V  [jvm.dll+0x7f38bd]
V  [jvm.dll+0x7f51ce]
V  [jvm.dll+0x7f5883]
V  [jvm.dll+0x25ca3f]
V  [jvm.dll+0xb8c2f]
V  [jvm.dll+0xb8fa5]
V  [jvm.dll+0x385a31]
V  [jvm.dll+0x34f811]
V  [jvm.dll+0x34ecaa]
V  [jvm.dll+0x22fc21]
V  [jvm.dll+0x22eff1]
V  [jvm.dll+0x1b9cfc]
V  [jvm.dll+0x23e8ca]
V  [jvm.dll+0x23cbb5]
V  [jvm.dll+0x7a5fb1]
V  [jvm.dll+0x7a03ea]
V  [jvm.dll+0x697725]
C  [ucrtbase.dll+0x21bb2]
C  [KERNEL32.DLL+0x17614]
C  [ntdll.dll+0x526a1]


---------------  P R O C E S S  ---------------

Threads class SMR info:
_java_thread_list=0x0000028bca2c4950, length=14, elements={
0x0000028ba28e7ca0, 0x0000028bc547aea0, 0x0000028bc547c0a0, 0x0000028bc54934e0,
0x0000028bc5493d90, 0x0000028bc5496650, 0x0000028bc5496f00, 0x0000028bc5499af0,
0x0000028bc549a660, 0x0000028bc549e450, 0x0000028bc98b0e10, 0x0000028bc98b1af0,
0x0000028bc9d6d080, 0x0000028bc9d6eee0
}

Java Threads: ( => current thread )
  0x0000028ba28e7ca0 JavaThread "main" [_thread_in_Java, id=16560, stack(0x000000f920300000,0x000000f920400000)]
  0x0000028bc547aea0 JavaThread "Reference Handler" daemon [_thread_blocked, id=15612, stack(0x000000f920a00000,0x000000f920b00000)]
  0x0000028bc547c0a0 JavaThread "Finalizer" daemon [_thread_blocked, id=18220, stack(0x000000f920b00000,0x000000f920c00000)]
  0x0000028bc54934e0 JavaThread "Signal Dispatcher" daemon [_thread_blocked, id=4712, stack(0x000000f920c00000,0x000000f920d00000)]
  0x0000028bc5493d90 JavaThread "Attach Listener" daemon [_thread_blocked, id=1380, stack(0x000000f920d00000,0x000000f920e00000)]
  0x0000028bc5496650 JavaThread "Service Thread" daemon [_thread_blocked, id=6360, stack(0x000000f920e00000,0x000000f920f00000)]
  0x0000028bc5496f00 JavaThread "Monitor Deflation Thread" daemon [_thread_blocked, id=9960, stack(0x000000f920f00000,0x000000f921000000)]
  0x0000028bc5499af0 JavaThread "C2 CompilerThread0" daemon [_thread_in_native, id=12368, stack(0x000000f921000000,0x000000f921100000)]
  0x0000028bc549a660 JavaThread "C1 CompilerThread0" daemon [_thread_in_native, id=6284, stack(0x000000f921100000,0x000000f921200000)]
  0x0000028bc549e450 JavaThread "Sweeper thread" daemon [_thread_blocked, id=9536, stack(0x000000f921200000,0x000000f921300000)]
  0x0000028bc98b0e10 JavaThread "Notification Thread" daemon [_thread_blocked, id=9556, stack(0x000000f921300000,0x000000f921400000)]
  0x0000028bc98b1af0 JavaThread "Common-Cleaner" daemon [_thread_blocked, id=11428, stack(0x000000f921500000,0x000000f921600000)]
  0x0000028bc9d6d080 JavaThread "C2 CompilerThread1" daemon [_thread_in_native, id=14396, stack(0x000000f921600000,0x000000f921700000)]
=>0x0000028bc9d6eee0 JavaThread "C2 CompilerThread2" daemon [_thread_in_native, id=16164, stack(0x000000f921700000,0x000000f921800000)]

Other Threads:
  0x0000028ba297e440 VMThread "VM Thread" [stack: 0x000000f920900000,0x000000f920a00000] [id=6020]
  0x0000028bc98b16d0 WatcherThread "VM Periodic Task Thread" [stack: 0x000000f921400000,0x000000f921500000] [id=17808]
  0x0000028ba2957f10 WorkerThread "GC Thread#0" [stack: 0x000000f920400000,0x000000f920500000] [id=15844]
  0x0000028bc9a450c0 WorkerThread "GC Thread#1" [stack: 0x000000f921800000,0x000000f921900000] [id=17644]
  0x0000028bc9b7d740 WorkerThread "GC Thread#2" [stack: 0x000000f921900000,0x000000f921a00000] [id=18184]
  0x0000028bc9b7d9e0 WorkerThread "GC Thread#3" [stack: 0x000000f921a00000,0x000000f921b00000] [id=6380]
  0x0000028bca3fea30 WorkerThread "GC Thread#4" [stack: 0x000000f921b00000,0x000000f921c00000] [id=2028]
  0x0000028bca3fecd0 WorkerThread "GC Thread#5" [stack: 0x000000f921c00000,0x000000f921d00000] [id=18028]
  0x0000028bca345e80 WorkerThread "GC Thread#6" [stack: 0x000000f921d00000,0x000000f921e00000] [id=11492]
  0x0000028bca346120 WorkerThread "GC Thread#7" [stack: 0x000000f921e00000,0x000000f921f00000] [id=5356]
  0x0000028ba2968860 ConcurrentGCThread "G1 Main Marker" [stack: 0x000000f920500000,0x000000f920600000] [id=9596]
  0x0000028ba296a170 WorkerThread "G1 Conc#0" [stack: 0x000000f920600000,0x000000f920700000] [id=14892]
  0x0000028ba29ae290 ConcurrentGCThread "G1 Refine#0" [stack: 0x000000f920700000,0x000000f920800000] [id=14812]
  0x0000028ba29aeab0 ConcurrentGCThread "G1 Service" [stack: 0x000000f920800000,0x000000f920900000] [id=9356]

Threads with active compile tasks:
C2 CompilerThread0     1309 3185   !   4       org.codehaus.plexus.interpolation.StringSearchInterpolator::interpolate (668 bytes)
C1 CompilerThread0     1309 3208       3       java.util.ArrayList::hashCode (22 bytes)
C2 CompilerThread1     1309 3205   !   4       org.codehaus.plexus.interpolation.reflection.ClassMap::findMethod (107 bytes)
C2 CompilerThread2     1309 3056       4       org.codehaus.plexus.util.xml.pull.MXParser::parseStartTag (1195 bytes)

VM state: not at safepoint (normal execution)

VM Mutex/Monitor currently owned by a thread: None

Heap address: 0x0000000704e00000, size: 4018 MB, Compressed Oops mode: Zero based, Oop shift amount: 3

CDS archive(s) mapped at: [0x0000000800000000-0x0000000800ba0000-0x0000000800ba0000), size 12189696, SharedBaseAddress: 0x0000000800000000, ArchiveRelocationMode: 0.
Compressed class space mapped at: 0x0000000800c00000-0x0000000840c00000, reserved size: 1073741824
Narrow klass base: 0x0000000800000000, Narrow klass shift: 0, Narrow klass range: 0x100000000

GC Precious Log:
 CardTable entry size: 512
 Card Set container configuration: InlinePtr #cards 4 size 8 Array Of Cards #cards 16 size 48 Howl #buckets 8 coarsen threshold 3686 Howl Bitmap #cards 512 size 80 coarsen threshold 460 Card regions per heap region 1 cards per card region 4096
 CPUs: 8 total, 8 available
 Memory: 16064M
 Large Page Support: Disabled
 NUMA Support: Disabled
 Compressed Oops: Enabled (Zero based)
 Heap Region Size: 2M
 Heap Min Capacity: 8M
 Heap Initial Capacity: 252M
 Heap Max Capacity: 4018M
 Pre-touch: Disabled
 Parallel Workers: 8
 Concurrent Workers: 2
 Concurrent Refinement Workers: 8
 Periodic GC: Disabled

Heap:
 garbage-first heap   total 258048K, used 62900K [0x0000000704e00000, 0x0000000800000000)
  region size 2048K, 30 young (61440K), 1 survivors (2048K)
 Metaspace       used 13375K, committed 13632K, reserved 1114112K
  class space    used 1494K, committed 1600K, reserved 1048576K

Heap Regions: E=young(eden), S=young(survivor), O=old, HS=humongous(starts), HC=humongous(continues), CS=collection set, F=free, OA=open archive, CA=closed archive, TAMS=top-at-mark-start (previous, next)
|   0|0x0000000704e00000, 0x0000000705000000, 0x0000000705000000|100%| O|  |TAMS 0x0000000704e00000, 0x0000000704e00000| Untracked 
|   1|0x0000000705000000, 0x0000000705189000, 0x0000000705200000| 76%| O|  |TAMS 0x0000000705000000, 0x0000000705000000| Untracked 
|   2|0x0000000705200000, 0x0000000705200000, 0x0000000705400000|  0%| F|  |TAMS 0x0000000705200000, 0x0000000705200000| Untracked 
|   3|0x0000000705400000, 0x0000000705400000, 0x0000000705600000|  0%| F|  |TAMS 0x0000000705400000, 0x0000000705400000| Untracked 
|   4|0x0000000705600000, 0x0000000705600000, 0x0000000705800000|  0%| F|  |TAMS 0x0000000705600000, 0x0000000705600000| Untracked 
|   5|0x0000000705800000, 0x0000000705800000, 0x0000000705a00000|  0%| F|  |TAMS 0x0000000705800000, 0x0000000705800000| Untracked 
|   6|0x0000000705a00000, 0x0000000705a00000, 0x0000000705c00000|  0%| F|  |TAMS 0x0000000705a00000, 0x0000000705a00000| Untracked 
|   7|0x0000000705c00000, 0x0000000705c00000, 0x0000000705e00000|  0%| F|  |TAMS 0x0000000705c00000, 0x0000000705c00000| Untracked 
|   8|0x0000000705e00000, 0x0000000705e00000, 0x0000000706000000|  0%| F|  |TAMS 0x0000000705e00000, 0x0000000705e00000| Untracked 
|   9|0x0000000706000000, 0x0000000706000000, 0x0000000706200000|  0%| F|  |TAMS 0x0000000706000000, 0x0000000706000000| Untracked 
|  10|0x0000000706200000, 0x0000000706200000, 0x0000000706400000|  0%| F|  |TAMS 0x0000000706200000, 0x0000000706200000| Untracked 
|  11|0x0000000706400000, 0x0000000706400000, 0x0000000706600000|  0%| F|  |TAMS 0x0000000706400000, 0x0000000706400000| Untracked 
|  12|0x0000000706600000, 0x0000000706600000, 0x0000000706800000|  0%| F|  |TAMS 0x0000000706600000, 0x0000000706600000| Untracked 
|  13|0x0000000706800000, 0x0000000706800000, 0x0000000706a00000|  0%| F|  |TAMS 0x0000000706800000, 0x0000000706800000| Untracked 
|  14|0x0000000706a00000, 0x0000000706a00000, 0x0000000706c00000|  0%| F|  |TAMS 0x0000000706a00000, 0x0000000706a00000| Untracked 
|  15|0x0000000706c00000, 0x0000000706c00000, 0x0000000706e00000|  0%| F|  |TAMS 0x0000000706c00000, 0x0000000706c00000| Untracked 
|  16|0x0000000706e00000, 0x0000000706e00000, 0x0000000707000000|  0%| F|  |TAMS 0x0000000706e00000, 0x0000000706e00000| Untracked 
|  17|0x0000000707000000, 0x0000000707000000, 0x0000000707200000|  0%| F|  |TAMS 0x0000000707000000, 0x0000000707000000| Untracked 
|  18|0x0000000707200000, 0x0000000707200000, 0x0000000707400000|  0%| F|  |TAMS 0x0000000707200000, 0x0000000707200000| Untracked 
|  19|0x0000000707400000, 0x0000000707400000, 0x0000000707600000|  0%| F|  |TAMS 0x0000000707400000, 0x0000000707400000| Untracked 
|  20|0x0000000707600000, 0x0000000707600000, 0x0000000707800000|  0%| F|  |TAMS 0x0000000707600000, 0x0000000707600000| Untracked 
|  21|0x0000000707800000, 0x0000000707800000, 0x0000000707a00000|  0%| F|  |TAMS 0x0000000707800000, 0x0000000707800000| Untracked 
|  22|0x0000000707a00000, 0x0000000707a00000, 0x0000000707c00000|  0%| F|  |TAMS 0x0000000707a00000, 0x0000000707a00000| Untracked 
|  23|0x0000000707c00000, 0x0000000707c00000, 0x0000000707e00000|  0%| F|  |TAMS 0x0000000707c00000, 0x0000000707c00000| Untracked 
|  24|0x0000000707e00000, 0x0000000707e00000, 0x0000000708000000|  0%| F|  |TAMS 0x0000000707e00000, 0x0000000707e00000| Untracked 
|  25|0x0000000708000000, 0x0000000708000000, 0x0000000708200000|  0%| F|  |TAMS 0x0000000708000000, 0x0000000708000000| Untracked 
|  26|0x0000000708200000, 0x0000000708200000, 0x0000000708400000|  0%| F|  |TAMS 0x0000000708200000, 0x0000000708200000| Untracked 
|  27|0x0000000708400000, 0x0000000708400000, 0x0000000708600000|  0%| F|  |TAMS 0x0000000708400000, 0x0000000708400000| Untracked 
|  28|0x0000000708600000, 0x0000000708600000, 0x0000000708800000|  0%| F|  |TAMS 0x0000000708600000, 0x0000000708600000| Untracked 
|  29|0x0000000708800000, 0x0000000708800000, 0x0000000708a00000|  0%| F|  |TAMS 0x0000000708800000, 0x0000000708800000| Untracked 
|  30|0x0000000708a00000, 0x0000000708a00000, 0x0000000708c00000|  0%| F|  |TAMS 0x0000000708a00000, 0x0000000708a00000| Untracked 
|  31|0x0000000708c00000, 0x0000000708c00000, 0x0000000708e00000|  0%| F|  |TAMS 0x0000000708c00000, 0x0000000708c00000| Untracked 
|  32|0x0000000708e00000, 0x0000000708e00000, 0x0000000709000000|  0%| F|  |TAMS 0x0000000708e00000, 0x0000000708e00000| Untracked 
|  33|0x0000000709000000, 0x0000000709000000, 0x0000000709200000|  0%| F|  |TAMS 0x0000000709000000, 0x0000000709000000| Untracked 
|  34|0x0000000709200000, 0x0000000709200000, 0x0000000709400000|  0%| F|  |TAMS 0x0000000709200000, 0x0000000709200000| Untracked 
|  35|0x0000000709400000, 0x0000000709400000, 0x0000000709600000|  0%| F|  |TAMS 0x0000000709400000, 0x0000000709400000| Untracked 
|  36|0x0000000709600000, 0x0000000709600000, 0x0000000709800000|  0%| F|  |TAMS 0x0000000709600000, 0x0000000709600000| Untracked 
|  37|0x0000000709800000, 0x0000000709800000, 0x0000000709a00000|  0%| F|  |TAMS 0x0000000709800000, 0x0000000709800000| Untracked 
|  38|0x0000000709a00000, 0x0000000709a00000, 0x0000000709c00000|  0%| F|  |TAMS 0x0000000709a00000, 0x0000000709a00000| Untracked 
|  39|0x0000000709c00000, 0x0000000709c00000, 0x0000000709e00000|  0%| F|  |TAMS 0x0000000709c00000, 0x0000000709c00000| Untracked 
|  40|0x0000000709e00000, 0x0000000709e00000, 0x000000070a000000|  0%| F|  |TAMS 0x0000000709e00000, 0x0000000709e00000| Untracked 
|  41|0x000000070a000000, 0x000000070a000000, 0x000000070a200000|  0%| F|  |TAMS 0x000000070a000000, 0x000000070a000000| Untracked 
|  42|0x000000070a200000, 0x000000070a200000, 0x000000070a400000|  0%| F|  |TAMS 0x000000070a200000, 0x000000070a200000| Untracked 
|  43|0x000000070a400000, 0x000000070a400000, 0x000000070a600000|  0%| F|  |TAMS 0x000000070a400000, 0x000000070a400000| Untracked 
|  44|0x000000070a600000, 0x000000070a600000, 0x000000070a800000|  0%| F|  |TAMS 0x000000070a600000, 0x000000070a600000| Untracked 
|  45|0x000000070a800000, 0x000000070a800000, 0x000000070aa00000|  0%| F|  |TAMS 0x000000070a800000, 0x000000070a800000| Untracked 
|  46|0x000000070aa00000, 0x000000070aa00000, 0x000000070ac00000|  0%| F|  |TAMS 0x000000070aa00000, 0x000000070aa00000| Untracked 
|  47|0x000000070ac00000, 0x000000070ac00000, 0x000000070ae00000|  0%| F|  |TAMS 0x000000070ac00000, 0x000000070ac00000| Untracked 
|  48|0x000000070ae00000, 0x000000070ae00000, 0x000000070b000000|  0%| F|  |TAMS 0x000000070ae00000, 0x000000070ae00000| Untracked 
|  49|0x000000070b000000, 0x000000070b000000, 0x000000070b200000|  0%| F|  |TAMS 0x000000070b000000, 0x000000070b000000| Untracked 
|  50|0x000000070b200000, 0x000000070b200000, 0x000000070b400000|  0%| F|  |TAMS 0x000000070b200000, 0x000000070b200000| Untracked 
|  51|0x000000070b400000, 0x000000070b400000, 0x000000070b600000|  0%| F|  |TAMS 0x000000070b400000, 0x000000070b400000| Untracked 
|  52|0x000000070b600000, 0x000000070b600000, 0x000000070b800000|  0%| F|  |TAMS 0x000000070b600000, 0x000000070b600000| Untracked 
|  53|0x000000070b800000, 0x000000070b800000, 0x000000070ba00000|  0%| F|  |TAMS 0x000000070b800000, 0x000000070b800000| Untracked 
|  54|0x000000070ba00000, 0x000000070ba00000, 0x000000070bc00000|  0%| F|  |TAMS 0x000000070ba00000, 0x000000070ba00000| Untracked 
|  55|0x000000070bc00000, 0x000000070bc00000, 0x000000070be00000|  0%| F|  |TAMS 0x000000070bc00000, 0x000000070bc00000| Untracked 
|  56|0x000000070be00000, 0x000000070be00000, 0x000000070c000000|  0%| F|  |TAMS 0x000000070be00000, 0x000000070be00000| Untracked 
|  57|0x000000070c000000, 0x000000070c000000, 0x000000070c200000|  0%| F|  |TAMS 0x000000070c000000, 0x000000070c000000| Untracked 
|  58|0x000000070c200000, 0x000000070c200000, 0x000000070c400000|  0%| F|  |TAMS 0x000000070c200000, 0x000000070c200000| Untracked 
|  59|0x000000070c400000, 0x000000070c400000, 0x000000070c600000|  0%| F|  |TAMS 0x000000070c400000, 0x000000070c400000| Untracked 
|  60|0x000000070c600000, 0x000000070c600000, 0x000000070c800000|  0%| F|  |TAMS 0x000000070c600000, 0x000000070c600000| Untracked 
|  61|0x000000070c800000, 0x000000070c800000, 0x000000070ca00000|  0%| F|  |TAMS 0x000000070c800000, 0x000000070c800000| Untracked 
|  62|0x000000070ca00000, 0x000000070ca00000, 0x000000070cc00000|  0%| F|  |TAMS 0x000000070ca00000, 0x000000070ca00000| Untracked 
|  63|0x000000070cc00000, 0x000000070cc00000, 0x000000070ce00000|  0%| F|  |TAMS 0x000000070cc00000, 0x000000070cc00000| Untracked 
|  64|0x000000070ce00000, 0x000000070ce00000, 0x000000070d000000|  0%| F|  |TAMS 0x000000070ce00000, 0x000000070ce00000| Untracked 
|  65|0x000000070d000000, 0x000000070d000000, 0x000000070d200000|  0%| F|  |TAMS 0x000000070d000000, 0x000000070d000000| Untracked 
|  66|0x000000070d200000, 0x000000070d200000, 0x000000070d400000|  0%| F|  |TAMS 0x000000070d200000, 0x000000070d200000| Untracked 
|  67|0x000000070d400000, 0x000000070d400000, 0x000000070d600000|  0%| F|  |TAMS 0x000000070d400000, 0x000000070d400000| Untracked 
|  68|0x000000070d600000, 0x000000070d600000, 0x000000070d800000|  0%| F|  |TAMS 0x000000070d600000, 0x000000070d600000| Untracked 
|  69|0x000000070d800000, 0x000000070d800000, 0x000000070da00000|  0%| F|  |TAMS 0x000000070d800000, 0x000000070d800000| Untracked 
|  70|0x000000070da00000, 0x000000070da00000, 0x000000070dc00000|  0%| F|  |TAMS 0x000000070da00000, 0x000000070da00000| Untracked 
|  71|0x000000070dc00000, 0x000000070dc00000, 0x000000070de00000|  0%| F|  |TAMS 0x000000070dc00000, 0x000000070dc00000| Untracked 
|  72|0x000000070de00000, 0x000000070de00000, 0x000000070e000000|  0%| F|  |TAMS 0x000000070de00000, 0x000000070de00000| Untracked 
|  73|0x000000070e000000, 0x000000070e000000, 0x000000070e200000|  0%| F|  |TAMS 0x000000070e000000, 0x000000070e000000| Untracked 
|  74|0x000000070e200000, 0x000000070e200000, 0x000000070e400000|  0%| F|  |TAMS 0x000000070e200000, 0x000000070e200000| Untracked 
|  75|0x000000070e400000, 0x000000070e400000, 0x000000070e600000|  0%| F|  |TAMS 0x000000070e400000, 0x000000070e400000| Untracked 
|  76|0x000000070e600000, 0x000000070e600000, 0x000000070e800000|  0%| F|  |TAMS 0x000000070e600000, 0x000000070e600000| Untracked 
|  77|0x000000070e800000, 0x000000070e800000, 0x000000070ea00000|  0%| F|  |TAMS 0x000000070e800000, 0x000000070e800000| Untracked 
|  78|0x000000070ea00000, 0x000000070ea00000, 0x000000070ec00000|  0%| F|  |TAMS 0x000000070ea00000, 0x000000070ea00000| Untracked 
|  79|0x000000070ec00000, 0x000000070ec00000, 0x000000070ee00000|  0%| F|  |TAMS 0x000000070ec00000, 0x000000070ec00000| Untracked 
|  80|0x000000070ee00000, 0x000000070ee00000, 0x000000070f000000|  0%| F|  |TAMS 0x000000070ee00000, 0x000000070ee00000| Untracked 
|  81|0x000000070f000000, 0x000000070f000000, 0x000000070f200000|  0%| F|  |TAMS 0x000000070f000000, 0x000000070f000000| Untracked 
|  82|0x000000070f200000, 0x000000070f200000, 0x000000070f400000|  0%| F|  |TAMS 0x000000070f200000, 0x000000070f200000| Untracked 
|  83|0x000000070f400000, 0x000000070f400000, 0x000000070f600000|  0%| F|  |TAMS 0x000000070f400000, 0x000000070f400000| Untracked 
|  84|0x000000070f600000, 0x000000070f600000, 0x000000070f800000|  0%| F|  |TAMS 0x000000070f600000, 0x000000070f600000| Untracked 
|  85|0x000000070f800000, 0x000000070f800000, 0x000000070fa00000|  0%| F|  |TAMS 0x000000070f800000, 0x000000070f800000| Untracked 
|  86|0x000000070fa00000, 0x000000070fa00000, 0x000000070fc00000|  0%| F|  |TAMS 0x000000070fa00000, 0x000000070fa00000| Untracked 
|  87|0x000000070fc00000, 0x000000070fc00000, 0x000000070fe00000|  0%| F|  |TAMS 0x000000070fc00000, 0x000000070fc00000| Untracked 
|  88|0x000000070fe00000, 0x000000070fe00000, 0x0000000710000000|  0%| F|  |TAMS 0x000000070fe00000, 0x000000070fe00000| Untracked 
|  89|0x0000000710000000, 0x0000000710000000, 0x0000000710200000|  0%| F|  |TAMS 0x0000000710000000, 0x0000000710000000| Untracked 
|  90|0x0000000710200000, 0x0000000710200000, 0x0000000710400000|  0%| F|  |TAMS 0x0000000710200000, 0x0000000710200000| Untracked 
|  91|0x0000000710400000, 0x0000000710400000, 0x0000000710600000|  0%| F|  |TAMS 0x0000000710400000, 0x0000000710400000| Untracked 
|  92|0x0000000710600000, 0x0000000710600000, 0x0000000710800000|  0%| F|  |TAMS 0x0000000710600000, 0x0000000710600000| Untracked 
|  93|0x0000000710800000, 0x0000000710800000, 0x0000000710a00000|  0%| F|  |TAMS 0x0000000710800000, 0x0000000710800000| Untracked 
|  94|0x0000000710a00000, 0x0000000710a00000, 0x0000000710c00000|  0%| F|  |TAMS 0x0000000710a00000, 0x0000000710a00000| Untracked 
|  95|0x0000000710c00000, 0x0000000710c00000, 0x0000000710e00000|  0%| F|  |TAMS 0x0000000710c00000, 0x0000000710c00000| Untracked 
|  96|0x0000000710e00000, 0x0000000710e97610, 0x0000000711000000| 29%| E|  |TAMS 0x0000000710e00000, 0x0000000710e00000| Complete 
|  97|0x0000000711000000, 0x0000000711200000, 0x0000000711200000|100%| E|CS|TAMS 0x0000000711000000, 0x0000000711000000| Complete 
|  98|0x0000000711200000, 0x0000000711400000, 0x0000000711400000|100%| E|CS|TAMS 0x0000000711200000, 0x0000000711200000| Complete 
|  99|0x0000000711400000, 0x0000000711600000, 0x0000000711600000|100%| E|CS|TAMS 0x0000000711400000, 0x0000000711400000| Complete 
| 100|0x0000000711600000, 0x0000000711800000, 0x0000000711800000|100%| E|CS|TAMS 0x0000000711600000, 0x0000000711600000| Complete 
| 101|0x0000000711800000, 0x0000000711a00000, 0x0000000711a00000|100%| E|CS|TAMS 0x0000000711800000, 0x0000000711800000| Complete 
| 102|0x0000000711a00000, 0x0000000711c00000, 0x0000000711c00000|100%| E|CS|TAMS 0x0000000711a00000, 0x0000000711a00000| Complete 
| 103|0x0000000711c00000, 0x0000000711e00000, 0x0000000711e00000|100%| E|CS|TAMS 0x0000000711c00000, 0x0000000711c00000| Complete 
| 104|0x0000000711e00000, 0x0000000712000000, 0x0000000712000000|100%| E|CS|TAMS 0x0000000711e00000, 0x0000000711e00000| Complete 
| 105|0x0000000712000000, 0x0000000712200000, 0x0000000712200000|100%| E|CS|TAMS 0x0000000712000000, 0x0000000712000000| Complete 
| 106|0x0000000712200000, 0x0000000712400000, 0x0000000712400000|100%| E|CS|TAMS 0x0000000712200000, 0x0000000712200000| Complete 
| 107|0x0000000712400000, 0x0000000712600000, 0x0000000712600000|100%| E|CS|TAMS 0x0000000712400000, 0x0000000712400000| Complete 
| 108|0x0000000712600000, 0x0000000712800000, 0x0000000712800000|100%| E|CS|TAMS 0x0000000712600000, 0x0000000712600000| Complete 
| 109|0x0000000712800000, 0x00000007129e4040, 0x0000000712a00000| 94%| S|CS|TAMS 0x0000000712800000, 0x0000000712800000| Complete 
| 110|0x0000000712a00000, 0x0000000712c00000, 0x0000000712c00000|100%| E|CS|TAMS 0x0000000712a00000, 0x0000000712a00000| Complete 
| 111|0x0000000712c00000, 0x0000000712e00000, 0x0000000712e00000|100%| E|CS|TAMS 0x0000000712c00000, 0x0000000712c00000| Complete 
| 112|0x0000000712e00000, 0x0000000713000000, 0x0000000713000000|100%| E|CS|TAMS 0x0000000712e00000, 0x0000000712e00000| Complete 
| 113|0x0000000713000000, 0x0000000713200000, 0x0000000713200000|100%| E|CS|TAMS 0x0000000713000000, 0x0000000713000000| Complete 
| 114|0x0000000713200000, 0x0000000713400000, 0x0000000713400000|100%| E|CS|TAMS 0x0000000713200000, 0x0000000713200000| Complete 
| 115|0x0000000713400000, 0x0000000713600000, 0x0000000713600000|100%| E|CS|TAMS 0x0000000713400000, 0x0000000713400000| Complete 
| 116|0x0000000713600000, 0x0000000713800000, 0x0000000713800000|100%| E|CS|TAMS 0x0000000713600000, 0x0000000713600000| Complete 
| 117|0x0000000713800000, 0x0000000713a00000, 0x0000000713a00000|100%| E|CS|TAMS 0x0000000713800000, 0x0000000713800000| Complete 
| 118|0x0000000713a00000, 0x0000000713c00000, 0x0000000713c00000|100%| E|CS|TAMS 0x0000000713a00000, 0x0000000713a00000| Complete 
| 119|0x0000000713c00000, 0x0000000713e00000, 0x0000000713e00000|100%| E|CS|TAMS 0x0000000713c00000, 0x0000000713c00000| Complete 
| 120|0x0000000713e00000, 0x0000000714000000, 0x0000000714000000|100%| E|CS|TAMS 0x0000000713e00000, 0x0000000713e00000| Complete 
| 121|0x0000000714000000, 0x0000000714200000, 0x0000000714200000|100%| E|CS|TAMS 0x0000000714000000, 0x0000000714000000| Complete 
| 122|0x0000000714200000, 0x0000000714400000, 0x0000000714400000|100%| E|CS|TAMS 0x0000000714200000, 0x0000000714200000| Complete 
| 123|0x0000000714400000, 0x0000000714600000, 0x0000000714600000|100%| E|CS|TAMS 0x0000000714400000, 0x0000000714400000| Complete 
| 124|0x0000000714600000, 0x0000000714800000, 0x0000000714800000|100%| E|CS|TAMS 0x0000000714600000, 0x0000000714600000| Complete 
| 125|0x0000000714800000, 0x0000000714a00000, 0x0000000714a00000|100%| E|CS|TAMS 0x0000000714800000, 0x0000000714800000| Complete 

Card table byte_map: [0x0000028bb9d30000,0x0000028bba510000] _byte_map_base: 0x0000028bb6509000

Marking Bits (Prev, Next): (CMBitMap*) 0x0000028ba2958420, (CMBitMap*) 0x0000028ba2958460
 Prev Bits: [0x0000028bbacf0000, 0x0000028bbebb8000)
 Next Bits: [0x0000028bbebc0000, 0x0000028bc2a88000)

Polling page: 0x0000028ba20b0000

Metaspace:

Usage:
  Non-class:     11.60 MB used.
      Class:      1.46 MB used.
       Both:     13.06 MB used.

Virtual space:
  Non-class space:       64.00 MB reserved,      11.75 MB ( 18%) committed,  1 nodes.
      Class space:        1.00 GB reserved,       1.56 MB ( <1%) committed,  1 nodes.
             Both:        1.06 GB reserved,      13.31 MB (  1%) committed. 

Chunk freelists:
   Non-Class:  3.38 MB
       Class:  2.45 MB
        Both:  5.83 MB

MaxMetaspaceSize: unlimited
CompressedClassSpaceSize: 1.00 GB
Initial GC threshold: 21.00 MB
Current GC threshold: 21.00 MB
CDS: on
MetaspaceReclaimPolicy: balanced
 - commit_granule_bytes: 65536.
 - commit_granule_words: 8192.
 - virtual_space_node_default_size: 8388608.
 - enlarge_chunks_in_place: 1.
 - new_chunks_are_fully_committed: 0.
 - uncommit_free_chunks: 1.
 - use_allocation_guard: 0.


Internal statistics:

num_allocs_failed_limit: 0.
num_arena_births: 250.
num_arena_deaths: 0.
num_vsnodes_births: 2.
num_vsnodes_deaths: 0.
num_space_committed: 213.
num_space_uncommitted: 0.
num_chunks_returned_to_freelist: 0.
num_chunks_taken_from_freelist: 694.
num_chunk_merges: 0.
num_chunk_splits: 498.
num_chunks_enlarged: 377.
num_inconsistent_stats: 0.

CodeHeap 'non-profiled nmethods': size=120000Kb used=1358Kb max_used=1358Kb free=118641Kb
 bounds [0x0000028bb1cf0000, 0x0000028bb1f60000, 0x0000028bb9220000]
CodeHeap 'profiled nmethods': size=120000Kb used=6392Kb max_used=6392Kb free=113607Kb
 bounds [0x0000028baa7c0000, 0x0000028baae00000, 0x0000028bb1cf0000]
CodeHeap 'non-nmethods': size=5760Kb used=1196Kb max_used=1238Kb free=4563Kb
 bounds [0x0000028baa220000, 0x0000028baa490000, 0x0000028baa7c0000]
 total_blobs=3677 nmethods=3213 adapters=376
 compilation: enabled
              stopped_count=0, restarted_count=0
 full_count=0

Compilation events (20 events):
Event: 1.293 Thread 0x0000028bc549a660 3161       3       java.util.Collections$SingletonSet::iterator (8 bytes)
Event: 1.294 Thread 0x0000028bc549a660 nmethod 3161 0x0000028baade2c10 code [0x0000028baade2dc0, 0x0000028baade30b8]
Event: 1.294 Thread 0x0000028bc549a660 3162       1       org.eclipse.aether.resolution.ArtifactRequest::getTrace (5 bytes)
Event: 1.294 Thread 0x0000028bc549a660 nmethod 3162 0x0000028bb1e3c510 code [0x0000028bb1e3c6a0, 0x0000028bb1e3c778]
Event: 1.294 Thread 0x0000028bc549a660 3163       1       org.eclipse.aether.resolution.ArtifactRequest::getRepositories (5 bytes)
Event: 1.294 Thread 0x0000028bc549a660 nmethod 3163 0x0000028bb1e3c810 code [0x0000028bb1e3c9a0, 0x0000028bb1e3ca78]
Event: 1.294 Thread 0x0000028bc549a660 3164       1       org.eclipse.aether.resolution.VersionResult::getRepository (5 bytes)
Event: 1.294 Thread 0x0000028bc549a660 nmethod 3164 0x0000028bb1e3cb10 code [0x0000028bb1e3cca0, 0x0000028bb1e3cd78]
Event: 1.294 Thread 0x0000028bc549a660 3165       1       org.eclipse.aether.repository.LocalArtifactRequest::getArtifact (5 bytes)
Event: 1.294 Thread 0x0000028bc549a660 nmethod 3165 0x0000028bb1e3ce10 code [0x0000028bb1e3cfa0, 0x0000028bb1e3d078]
Event: 1.294 Thread 0x0000028bc549a660 3166       1       org.eclipse.aether.repository.LocalArtifactRequest::getContext (5 bytes)
Event: 1.294 Thread 0x0000028bc549a660 nmethod 3166 0x0000028bb1e3d110 code [0x0000028bb1e3d2a0, 0x0000028bb1e3d378]
Event: 1.294 Thread 0x0000028bc549a660 3167       1       org.eclipse.aether.repository.LocalArtifactRequest::getRepositories (5 bytes)
Event: 1.294 Thread 0x0000028bc549a660 nmethod 3167 0x0000028bb1e3d410 code [0x0000028bb1e3d5a0, 0x0000028bb1e3d678]
Event: 1.294 Thread 0x0000028bc549a660 3168       1       org.eclipse.aether.repository.LocalArtifactResult::getFile (5 bytes)
Event: 1.294 Thread 0x0000028bc549a660 nmethod 3168 0x0000028bb1e3d710 code [0x0000028bb1e3d8a0, 0x0000028bb1e3d978]
Event: 1.294 Thread 0x0000028bc549a660 3169       1       org.eclipse.aether.resolution.ArtifactResult::getRequest (5 bytes)
Event: 1.294 Thread 0x0000028bc549a660 nmethod 3169 0x0000028bb1e3da10 code [0x0000028bb1e3dba0, 0x0000028bb1e3dc78]
Event: 1.294 Thread 0x0000028bc549a660 3170       3       java.util.Collections::enumeration (9 bytes)
Event: 1.294 Thread 0x0000028bc549a660 nmethod 3170 0x0000028baade3210 code [0x0000028baade33c0, 0x0000028baade3768]

GC Heap History (4 events):
Event: 0.463 GC heap before
{Heap before GC invocations=0 (full 0):
 garbage-first heap   total 258048K, used 22528K [0x0000000704e00000, 0x0000000800000000)
  region size 2048K, 11 young (22528K), 0 survivors (0K)
 Metaspace       used 5367K, committed 5568K, reserved 1114112K
  class space    used 608K, committed 704K, reserved 1048576K
}
Event: 0.466 GC heap after
{Heap after GC invocations=1 (full 0):
 garbage-first heap   total 258048K, used 3873K [0x0000000704e00000, 0x0000000800000000)
  region size 2048K, 2 young (4096K), 2 survivors (4096K)
 Metaspace       used 5367K, committed 5568K, reserved 1114112K
  class space    used 608K, committed 704K, reserved 1048576K
}
Event: 0.807 GC heap before
{Heap before GC invocations=1 (full 0):
 garbage-first heap   total 258048K, used 32545K [0x0000000704e00000, 0x0000000800000000)
  region size 2048K, 16 young (32768K), 2 survivors (4096K)
 Metaspace       used 9694K, committed 9920K, reserved 1114112K
  class space    used 1149K, committed 1280K, reserved 1048576K
}
Event: 0.811 GC heap after
{Heap after GC invocations=2 (full 0):
 garbage-first heap   total 258048K, used 5556K [0x0000000704e00000, 0x0000000800000000)
  region size 2048K, 1 young (2048K), 1 survivors (2048K)
 Metaspace       used 9694K, committed 9920K, reserved 1114112K
  class space    used 1149K, committed 1280K, reserved 1048576K
}

Deoptimization events (20 events):
Event: 1.227 Thread 0x0000028ba28e7ca0 Uncommon trap: trap_request=0xffffffbe fr.pc=0x0000028bb1e17360 relative=0x0000000000000d00
Event: 1.227 Thread 0x0000028ba28e7ca0 Uncommon trap: reason=profile_predicate action=maybe_recompile pc=0x0000028bb1e17360 method=java.util.regex.Pattern$CharPropertyGreedy.match(Ljava/util/regex/Matcher;ILjava/lang/CharSequence;)Z @ 103 c2
Event: 1.227 Thread 0x0000028ba28e7ca0 DEOPT PACKING pc=0x0000028bb1e17360 sp=0x000000f9203fc9b0
Event: 1.227 Thread 0x0000028ba28e7ca0 DEOPT UNPACKING pc=0x0000028baa275c23 sp=0x000000f9203fc950 mode 2
Event: 1.259 Thread 0x0000028ba28e7ca0 Uncommon trap: trap_request=0xffffff45 fr.pc=0x0000028bb1dc0d24 relative=0x00000000000027c4
Event: 1.259 Thread 0x0000028ba28e7ca0 Uncommon trap: reason=unstable_if action=reinterpret pc=0x0000028bb1dc0d24 method=org.codehaus.plexus.util.xml.pull.MXParser.isS(C)Z @ 21 c2
Event: 1.259 Thread 0x0000028ba28e7ca0 DEOPT PACKING pc=0x0000028bb1dc0d24 sp=0x000000f9203fcb90
Event: 1.259 Thread 0x0000028ba28e7ca0 DEOPT UNPACKING pc=0x0000028baa275c23 sp=0x000000f9203fcac8 mode 2
Event: 1.259 Thread 0x0000028ba28e7ca0 Uncommon trap: trap_request=0xffffff45 fr.pc=0x0000028bb1dc88f0 relative=0x0000000000000070
Event: 1.259 Thread 0x0000028ba28e7ca0 Uncommon trap: reason=unstable_if action=reinterpret pc=0x0000028bb1dc88f0 method=org.codehaus.plexus.util.xml.pull.MXParser.isS(C)Z @ 21 c2
Event: 1.259 Thread 0x0000028ba28e7ca0 DEOPT PACKING pc=0x0000028bb1dc88f0 sp=0x000000f9203fcb30
Event: 1.259 Thread 0x0000028ba28e7ca0 DEOPT UNPACKING pc=0x0000028baa275c23 sp=0x000000f9203fcab8 mode 2
Event: 1.273 Thread 0x0000028ba28e7ca0 Uncommon trap: trap_request=0xffffff45 fr.pc=0x0000028bb1e1f944 relative=0x00000000000000a4
Event: 1.273 Thread 0x0000028ba28e7ca0 Uncommon trap: reason=unstable_if action=reinterpret pc=0x0000028bb1e1f944 method=org.apache.maven.model.io.xpp3.MavenXpp3Reader.nextTag(Lorg/codehaus/plexus/util/xml/pull/XmlPullParser;)I @ 9 c2
Event: 1.273 Thread 0x0000028ba28e7ca0 DEOPT PACKING pc=0x0000028bb1e1f944 sp=0x000000f9203fcfb0
Event: 1.273 Thread 0x0000028ba28e7ca0 DEOPT UNPACKING pc=0x0000028baa275c23 sp=0x000000f9203fcf40 mode 2
Event: 1.290 Thread 0x0000028ba28e7ca0 Uncommon trap: trap_request=0xffffffcc fr.pc=0x0000028bb1e0371c relative=0x00000000000001fc
Event: 1.290 Thread 0x0000028ba28e7ca0 Uncommon trap: reason=intrinsic_or_type_checked_inlining action=make_not_entrant pc=0x0000028bb1e0371c method=java.util.Arrays.copyOf([Ljava/lang/Object;ILjava/lang/Class;)[Ljava/lang/Object; @ 35 c2
Event: 1.290 Thread 0x0000028ba28e7ca0 DEOPT PACKING pc=0x0000028bb1e0371c sp=0x000000f9203fcd40
Event: 1.290 Thread 0x0000028ba28e7ca0 DEOPT UNPACKING pc=0x0000028baa275c23 sp=0x000000f9203fccd0 mode 2

Classes loaded (20 events):
Event: 1.043 Loading class java/lang/Byte$ByteCache
Event: 1.043 Loading class java/lang/Byte$ByteCache done
Event: 1.047 Loading class sun/invoke/util/ValueConversions$1
Event: 1.047 Loading class sun/invoke/util/ValueConversions$1 done
Event: 1.048 Loading class java/lang/invoke/BoundMethodHandle$Species_LI
Event: 1.048 Loading class java/lang/invoke/BoundMethodHandle$Species_LI done
Event: 1.127 Loading class java/util/LinkedList$ListItr
Event: 1.127 Loading class java/util/LinkedList$ListItr done
Event: 1.148 Loading class java/util/concurrent/locks/ReentrantReadWriteLock$NonfairSync
Event: 1.148 Loading class java/util/concurrent/locks/ReentrantReadWriteLock$Sync
Event: 1.148 Loading class java/util/concurrent/locks/ReentrantReadWriteLock$Sync done
Event: 1.148 Loading class java/util/concurrent/locks/ReentrantReadWriteLock$NonfairSync done
Event: 1.149 Loading class java/util/concurrent/locks/ReentrantReadWriteLock$Sync$ThreadLocalHoldCounter
Event: 1.149 Loading class java/util/concurrent/locks/ReentrantReadWriteLock$Sync$ThreadLocalHoldCounter done
Event: 1.149 Loading class java/util/concurrent/locks/ReentrantReadWriteLock$ReadLock
Event: 1.149 Loading class java/util/concurrent/locks/ReentrantReadWriteLock$ReadLock done
Event: 1.149 Loading class java/util/concurrent/locks/ReentrantReadWriteLock$WriteLock
Event: 1.149 Loading class java/util/concurrent/locks/ReentrantReadWriteLock$WriteLock done
Event: 1.258 Loading class sun/nio/cs/ISO_8859_1$Decoder
Event: 1.258 Loading class sun/nio/cs/ISO_8859_1$Decoder done

Classes unloaded (0 events):
No events

Classes redefined (0 events):
No events

Internal exceptions (20 events):
Event: 0.854 Thread 0x0000028ba28e7ca0 Exception <a 'java/lang/NoSuchMethodError'{0x000000071475e1c0}: 'void java.lang.invoke.Invokers$Holder.invokeExact_MT(java.lang.Object, java.lang.Object, java.lang.Object, java.lang.Object)'> (0x000000071475e1c0) 
thrown [s\open\src\hotspot\share\interpreter\linkResolver.cpp, line 766]
Event: 0.865 Thread 0x0000028ba28e7ca0 Exception <a 'java/lang/NoClassDefFoundError'{0x00000007147ea620}: com/google/inject/servlet/ServletModuleTargetVisitor> (0x00000007147ea620) 
thrown [s\open\src\hotspot\share\classfile\systemDictionary.cpp, line 244]
Event: 0.883 Thread 0x0000028ba28e7ca0 Exception <a 'java/lang/NoSuchMethodError'{0x00000007144e61a8}: 'java.lang.Object java.lang.invoke.DirectMethodHandle$Holder.invokeStatic(java.lang.Object, java.lang.Object, int)'> (0x00000007144e61a8) 
thrown [s\open\src\hotspot\share\interpreter\linkResolver.cpp, line 766]
Event: 0.884 Thread 0x0000028ba28e7ca0 Exception <a 'java/lang/NoSuchMethodError'{0x00000007144f25b8}: 'void java.lang.invoke.DelegatingMethodHandle$Holder.delegate(java.lang.Object, java.lang.Object, int, java.lang.Object)'> (0x00000007144f25b8) 
thrown [s\open\src\hotspot\share\interpreter\linkResolver.cpp, line 766]
Event: 0.884 Thread 0x0000028ba28e7ca0 Exception <a 'java/lang/NoSuchMethodError'{0x00000007144f7188}: 'int java.lang.invoke.DirectMethodHandle$Holder.invokeSpecial(java.lang.Object, java.lang.Object, java.lang.Object)'> (0x00000007144f7188) 
thrown [s\open\src\hotspot\share\interpreter\linkResolver.cpp, line 766]
Event: 0.897 Thread 0x0000028ba28e7ca0 Exception <a 'java/lang/NoSuchMethodError'{0x000000071423f140}: 'java.lang.Object java.lang.invoke.DirectMethodHandle$Holder.newInvokeSpecial(java.lang.Object, java.lang.Object, java.lang.Object, java.lang.Object, java.lang.Object, java.lang.Object, java.lang.Object)'> (0x000000071423f140) 
thrown [s\open\src\hotspot\share\interpreter\linkResolver.cpp, line 766]
Event: 0.902 Thread 0x0000028ba28e7ca0 Exception <a 'java/lang/NoSuchMethodError'{0x000000071427d730}: 'java.lang.Object java.lang.invoke.DirectMethodHandle$Holder.newInvokeSpecial(java.lang.Object, java.lang.Object, java.lang.Object, java.lang.Object, java.lang.Object, java.lang.Object, java.lang.Object, java.lang.Object, java.lang.Object)'> (0x000000071427d730) 
thrown [s\open\src\hotspot\share\interpreter\linkResolver.cpp, line 766]
Event: 0.902 Thread 0x0000028ba28e7ca0 Exception <a 'java/lang/NoSuchMethodError'{0x0000000714283a40}: 'java.lang.Object java.lang.invoke.DirectMethodHandle$Holder.invokeSpecial(java.lang.Object, java.lang.Object, java.lang.Object, java.lang.Object, java.lang.Object, java.lang.Object, java.lang.Object, java.lang.Object, java.lang.Object, java.lang.Object)'> (0x0000000714283a40) 
thrown [s\open\src\hotspot\share\interpreter\linkResolver.cpp, line 766]
Event: 0.913 Thread 0x0000028ba28e7ca0 Exception <a 'java/lang/NoSuchMethodError'{0x000000071432e9a8}: 'java.lang.Object java.lang.invoke.DirectMethodHandle$Holder.newInvokeSpecial(java.lang.Object, java.lang.Object, java.lang.Object, java.lang.Object, java.lang.Object, java.lang.Object, java.lang.Object, java.lang.Object, java.lang.Object, java.lang.Object, java.lang.Object, java.lang.Object)'> (0x000000071432e9a8) 
thrown [s\open\src\hotspot\share\interpreter\linkResolver.cpp, line 766]
Event: 0.913 Thread 0x0000028ba28e7ca0 Exception <a 'java/lang/NoSuchMethodError'{0x0000000714334ad8}: 'java.lang.Object java.lang.invoke.DirectMethodHandle$Holder.invokeSpecial(java.lang.Object, java.lang.Object, java.lang.Object, java.lang.Object, java.lang.Object, java.lang.Object, java.lang.Object, java.lang.Object, java.lang.Object, java.lang.Object, java.lang.Object, java.lang.Object, java.lang.Object)'> (0x0000000714334ad8) 
thrown [s\open\src\hotspot\share\interpreter\linkResolver.cpp, line 766]
Event: 0.923 Thread 0x0000028ba28e7ca0 Exception <a 'java/lang/NoSuchMethodError'{0x00000007143ad4f8}: 'java.lang.Object java.lang.invoke.DirectMethodHandle$Holder.invokeStaticInit(java.lang.Object, int, int, int, int)'> (0x00000007143ad4f8) 
thrown [s\open\src\hotspot\share\interpreter\linkResolver.cpp, line 766]
Event: 0.995 Thread 0x0000028ba28e7ca0 Implicit null exception at 0x0000028bb1d27252 to 0x0000028bb1d277c4
Event: 0.995 Thread 0x0000028ba28e7ca0 Implicit null exception at 0x0000028bb1d27d52 to 0x0000028bb1d282c0
Event: 1.047 Thread 0x0000028ba28e7ca0 Exception <a 'java/lang/NoSuchMethodError'{0x00000007138232c8}: 'void java.lang.invoke.DirectMethodHandle$Holder.invokeVirtual(java.lang.Object, java.lang.Object, int)'> (0x00000007138232c8) 
thrown [s\open\src\hotspot\share\interpreter\linkResolver.cpp, line 766]
Event: 1.047 Thread 0x0000028ba28e7ca0 Exception <a 'java/lang/NoSuchMethodError'{0x0000000713827768}: 'int java.lang.invoke.DirectMethodHandle$Holder.invokeSpecial(java.lang.Object, java.lang.Object, java.lang.Object, int)'> (0x0000000713827768) 
thrown [s\open\src\hotspot\share\interpreter\linkResolver.cpp, line 766]
Event: 1.048 Thread 0x0000028ba28e7ca0 Exception <a 'java/lang/NoSuchMethodError'{0x000000071383a3b0}: 'java.lang.Object java.lang.invoke.DirectMethodHandle$Holder.invokeStatic(java.lang.Object, java.lang.Object, java.lang.Object, java.lang.Object, int)'> (0x000000071383a3b0) 
thrown [s\open\src\hotspot\share\interpreter\linkResolver.cpp, line 766]
Event: 1.049 Thread 0x0000028ba28e7ca0 Exception <a 'java/lang/NoSuchMethodError'{0x0000000713845c88}: 'void java.lang.invoke.DelegatingMethodHandle$Holder.reinvoke_L(java.lang.Object, java.lang.Object, int)'> (0x0000000713845c88) 
thrown [s\open\src\hotspot\share\interpreter\linkResolver.cpp, line 766]
Event: 1.153 Thread 0x0000028ba28e7ca0 Implicit null exception at 0x0000028bb1db966d to 0x0000028bb1dbabf0
Event: 1.153 Thread 0x0000028ba28e7ca0 Implicit null exception at 0x0000028bb1d7c7ed to 0x0000028bb1d7c9bc
Event: 1.153 Thread 0x0000028ba28e7ca0 Implicit null exception at 0x0000028bb1dc6f9b to 0x0000028bb1dc76f4

VM Operations (20 events):
Event: 0.851 Executing VM operation: HandshakeAllThreads
Event: 0.851 Executing VM operation: HandshakeAllThreads done
Event: 0.883 Executing VM operation: HandshakeAllThreads
Event: 0.883 Executing VM operation: HandshakeAllThreads done
Event: 0.933 Executing VM operation: HandshakeAllThreads
Event: 0.933 Executing VM operation: HandshakeAllThreads done
Event: 0.947 Executing VM operation: ICBufferFull
Event: 0.947 Executing VM operation: ICBufferFull done
Event: 0.955 Executing VM operation: HandshakeAllThreads
Event: 0.955 Executing VM operation: HandshakeAllThreads done
Event: 0.982 Executing VM operation: HandshakeAllThreads
Event: 0.982 Executing VM operation: HandshakeAllThreads done
Event: 0.982 Executing VM operation: HandshakeAllThreads
Event: 0.983 Executing VM operation: HandshakeAllThreads done
Event: 1.146 Executing VM operation: ICBufferFull
Event: 1.146 Executing VM operation: ICBufferFull done
Event: 1.149 Executing VM operation: HandshakeAllThreads
Event: 1.149 Executing VM operation: HandshakeAllThreads done
Event: 1.149 Executing VM operation: HandshakeAllThreads
Event: 1.149 Executing VM operation: HandshakeAllThreads done

Events (20 events):
Event: 0.010 Thread 0x0000028ba28e7ca0 Thread added: 0x0000028ba28e7ca0
Event: 0.012 Thread 0x0000028bc547aea0 Thread added: 0x0000028bc547aea0
Event: 0.012 Thread 0x0000028bc547c0a0 Thread added: 0x0000028bc547c0a0
Event: 0.019 Thread 0x0000028bc54934e0 Thread added: 0x0000028bc54934e0
Event: 0.019 Thread 0x0000028bc5493d90 Thread added: 0x0000028bc5493d90
Event: 0.019 Thread 0x0000028bc5496650 Thread added: 0x0000028bc5496650
Event: 0.019 Thread 0x0000028bc5496f00 Thread added: 0x0000028bc5496f00
Event: 0.019 Thread 0x0000028bc5499af0 Thread added: 0x0000028bc5499af0
Event: 0.019 Thread 0x0000028bc549a660 Thread added: 0x0000028bc549a660
Event: 0.019 Thread 0x0000028bc549e450 Thread added: 0x0000028bc549e450
Event: 0.028 Thread 0x0000028bc98b0e10 Thread added: 0x0000028bc98b0e10
Event: 0.030 Thread 0x0000028bc98b1af0 Thread added: 0x0000028bc98b1af0
Event: 0.032 Loaded shared library C:\Program Files\Java\jdk-18.0.1.1\bin\net.dll
Event: 0.033 Loaded shared library C:\Program Files\Java\jdk-18.0.1.1\bin\nio.dll
Event: 0.035 Loaded shared library C:\Program Files\Java\jdk-18.0.1.1\bin\zip.dll
Event: 0.039 Loaded shared library C:\Program Files\Java\jdk-18.0.1.1\bin\jimage.dll
Event: 0.156 Loaded shared library C:\Users\ericpaldor\AppData\Local\Temp\jansi-2.4.0-5f75082e3bf41e09-jansi.dll
Event: 0.164 Loaded shared library C:\Program Files\Java\jdk-18.0.1.1\bin\verify.dll
Event: 0.342 Thread 0x0000028bc9d6d080 Thread added: 0x0000028bc9d6d080
Event: 0.433 Thread 0x0000028bc9d6eee0 Thread added: 0x0000028bc9d6eee0


Dynamic libraries:
0x00007ff6c3ba0000 - 0x00007ff6c3bb0000 	C:\Program Files\Java\jdk-18.0.1.1\bin\java.exe
0x00007ffeeeb50000 - 0x00007ffeeed48000 	C:\Windows\SYSTEM32\ntdll.dll
0x00007ffeed250000 - 0x00007ffeed30f000 	C:\Windows\System32\KERNEL32.DLL
0x00007ffeec700000 - 0x00007ffeec9d2000 	C:\Windows\System32\KERNELBASE.dll
0x00007ffeec600000 - 0x00007ffeec700000 	C:\Windows\System32\ucrtbase.dll
0x00007ffeccf00000 - 0x00007ffeccf1a000 	C:\Program Files\Java\jdk-18.0.1.1\bin\VCRUNTIME140.dll
0x00007ffebcbd0000 - 0x00007ffebcbe8000 	C:\Program Files\Java\jdk-18.0.1.1\bin\jli.dll
0x00007ffeed0d0000 - 0x00007ffeed17e000 	C:\Windows\System32\ADVAPI32.dll
0x00007ffeed310000 - 0x00007ffeed3ae000 	C:\Windows\System32\msvcrt.dll
0x00007ffeed180000 - 0x00007ffeed21c000 	C:\Windows\System32\sechost.dll
0x00007ffeed6c0000 - 0x00007ffeed7e5000 	C:\Windows\System32\RPCRT4.dll
0x00007ffeed4e0000 - 0x00007ffeed681000 	C:\Windows\System32\USER32.dll
0x00007ffeec290000 - 0x00007ffeec2b2000 	C:\Windows\System32\win32u.dll
0x00007ffeed220000 - 0x00007ffeed24b000 	C:\Windows\System32\GDI32.dll
0x00007ffeeca80000 - 0x00007ffeecb8f000 	C:\Windows\System32\gdi32full.dll
0x00007ffeb4260000 - 0x00007ffeb44fa000 	C:\Windows\WinSxS\amd64_microsoft.windows.common-controls_6595b64144ccf1df_6.0.19041.1110_none_60b5254171f9507e\COMCTL32.dll
0x00007ffeec9e0000 - 0x00007ffeeca7d000 	C:\Windows\System32\msvcp_win.dll
0x00007ffee0f80000 - 0x00007ffee0f8a000 	C:\Windows\SYSTEM32\VERSION.dll
0x00007ffeed7f0000 - 0x00007ffeed822000 	C:\Windows\System32\IMM32.DLL
0x00007ffee1f80000 - 0x00007ffee1f8c000 	C:\Program Files\Java\jdk-18.0.1.1\bin\vcruntime140_1.dll
0x00007ffeb4f50000 - 0x00007ffeb4fdd000 	C:\Program Files\Java\jdk-18.0.1.1\bin\msvcp140.dll
0x00007ffe78dd0000 - 0x00007ffe799e0000 	C:\Program Files\Java\jdk-18.0.1.1\bin\server\jvm.dll
0x00007ffeedf30000 - 0x00007ffeedf38000 	C:\Windows\System32\PSAPI.DLL
0x00007ffee35f0000 - 0x00007ffee35f9000 	C:\Windows\SYSTEM32\WSOCK32.dll
0x00007ffece3b0000 - 0x00007ffece3d7000 	C:\Windows\SYSTEM32\WINMM.dll
0x00007ffeeddf0000 - 0x00007ffeede5b000 	C:\Windows\System32\WS2_32.dll
0x00007ffeeaa90000 - 0x00007ffeeaaa2000 	C:\Windows\SYSTEM32\kernel.appcore.dll
0x00007ffee1da0000 - 0x00007ffee1daa000 	C:\Program Files\Java\jdk-18.0.1.1\bin\jimage.dll
0x00007ffeea010000 - 0x00007ffeea1f4000 	C:\Windows\SYSTEM32\DBGHELP.DLL
0x00007ffec8b30000 - 0x00007ffec8b65000 	C:\Windows\SYSTEM32\dbgcore.DLL
0x00007ffeec410000 - 0x00007ffeec492000 	C:\Windows\System32\bcryptPrimitives.dll
0x00007ffec64d0000 - 0x00007ffec64f5000 	C:\Program Files\Java\jdk-18.0.1.1\bin\java.dll
0x00007ffebcbf0000 - 0x00007ffebccc6000 	C:\Program Files\Java\jdk-18.0.1.1\bin\jsvml.dll
0x00007ffeee020000 - 0x00007ffeee765000 	C:\Windows\System32\SHELL32.dll
0x00007ffeea2e0000 - 0x00007ffeeaa72000 	C:\Windows\SYSTEM32\windows.storage.dll
0x00007ffeeccf0000 - 0x00007ffeed045000 	C:\Windows\System32\combase.dll
0x00007ffeebca0000 - 0x00007ffeebcd0000 	C:\Windows\SYSTEM32\Wldp.dll
0x00007ffeecb90000 - 0x00007ffeecc3d000 	C:\Windows\System32\SHCORE.dll
0x00007ffeeeab0000 - 0x00007ffeeeb05000 	C:\Windows\System32\shlwapi.dll
0x00007ffeec180000 - 0x00007ffeec19f000 	C:\Windows\SYSTEM32\profapi.dll
0x00007ffec7be0000 - 0x00007ffec7bf3000 	C:\Program Files\Java\jdk-18.0.1.1\bin\net.dll
0x00007ffee5ac0000 - 0x00007ffee5bcc000 	C:\Windows\SYSTEM32\WINHTTP.dll
0x00007ffeeba00000 - 0x00007ffeeba6a000 	C:\Windows\system32\mswsock.dll
0x00007ffec7a30000 - 0x00007ffec7a46000 	C:\Program Files\Java\jdk-18.0.1.1\bin\nio.dll
0x00007ffec4d20000 - 0x00007ffec4d38000 	C:\Program Files\Java\jdk-18.0.1.1\bin\zip.dll
0x0000000069ac0000 - 0x0000000069ae4000 	C:\Users\ericpaldor\AppData\Local\Temp\jansi-2.4.0-5f75082e3bf41e09-jansi.dll
0x00007ffee0ec0000 - 0x00007ffee0ed0000 	C:\Program Files\Java\jdk-18.0.1.1\bin\verify.dll

dbghelp: loaded successfully - version: 4.0.5 - missing functions: none
symbol engine: initialized successfully - sym options: 0x614 - pdb path: .;C:\Program Files\Java\jdk-18.0.1.1\bin;C:\Windows\SYSTEM32;C:\Windows\WinSxS\amd64_microsoft.windows.common-controls_6595b64144ccf1df_6.0.19041.1110_none_60b5254171f9507e;C:\Program Files\Java\jdk-18.0.1.1\bin\server;C:\Users\ericpaldor\AppData\Local\Temp

VM Arguments:
jvm_args: -Dmaven.multiModuleProjectDirectory=E:\OneDrive - Centre d'Estudis Monlau\2DAW\NetBeans\API 
java_command: org.apache.maven.wrapper.MavenWrapperMain -Dexec.vmArgs= -Dexec.args=${exec.vmArgs} -classpath %classpath ${exec.mainClass} ${exec.appArgs} -Dexec.appArgs= -Dexec.mainClass=com.palomar.API.ApiApplication -Dexec.executable=C:\Program Files\Java\jdk-18.0.1.1\bin\java.exe -Dmaven.ext.class.path=C:\Program Files\NetBeans-13\netbeans\java\maven-nblib\netbeans-eventspy.jar org.codehaus.mojo:exec-maven-plugin:3.0.0:exec
java_class_path (initial): E:\OneDrive - Centre d'Estudis Monlau\2DAW\NetBeans\API\.mvn\wrapper\maven-wrapper.jar
Launcher Type: SUN_STANDARD

[Global flags]
     intx CICompilerCount                          = 4                                         {product} {ergonomic}
     uint ConcGCThreads                            = 2                                         {product} {ergonomic}
     uint G1ConcRefinementThreads                  = 8                                         {product} {ergonomic}
   size_t G1HeapRegionSize                         = 2097152                                   {product} {ergonomic}
    uintx GCDrainStackTargetSize                   = 64                                        {product} {ergonomic}
   size_t InitialHeapSize                          = 264241152                                 {product} {ergonomic}
   size_t MarkStackSize                            = 4194304                                   {product} {ergonomic}
   size_t MaxHeapSize                              = 4213178368                                {product} {ergonomic}
   size_t MaxNewSize                               = 2527068160                                {product} {ergonomic}
   size_t MinHeapDeltaBytes                        = 2097152                                   {product} {ergonomic}
   size_t MinHeapSize                              = 8388608                                   {product} {ergonomic}
    uintx NonNMethodCodeHeapSize                   = 5839372                                {pd product} {ergonomic}
    uintx NonProfiledCodeHeapSize                  = 122909434                              {pd product} {ergonomic}
    uintx ProfiledCodeHeapSize                     = 122909434                              {pd product} {ergonomic}
    uintx ReservedCodeCacheSize                    = 251658240                              {pd product} {ergonomic}
     bool SegmentedCodeCache                       = true                                      {product} {ergonomic}
   size_t SoftMaxHeapSize                          = 4213178368                             {manageable} {ergonomic}
     bool UseCompressedClassPointers               = true                           {product lp64_product} {ergonomic}
     bool UseCompressedOops                        = true                           {product lp64_product} {ergonomic}
     bool UseG1GC                                  = true                                      {product} {ergonomic}
     bool UseLargePagesIndividualAllocation        = false                                  {pd product} {ergonomic}

Logging:
Log output configuration:
 #0: stdout all=warning uptime,level,tags foldmultilines=false
 #1: stderr all=off uptime,level,tags foldmultilines=false

Environment Variables:
JAVA_HOME=C:\Program Files\Java\jdk-18.0.1.1
PATH=C:\Program Files\Common Files\Oracle\Java\javapath;C:\Program Files (x86)\Common Files\Oracle\Java\javapath;C:\Program Files (x86)\VMware\VMware Workstation\bin\;C:\Program Files\Microsoft\jdk-11.0.12.7-hotspot\bin;C:\Windows\system32;C:\Windows;C:\Windows\System32\Wbem;C:\Windows\System32\WindowsPowerShell\v1.0\;C:\Windows\System32\OpenSSH\;C:\Program Files\Docker\Docker\resources\bin;C:\ProgramData\DockerDesktop\version-bin;C:\Program Files\Microsoft SQL Server\150\Tools\Binn\;C:\Program Files\Microsoft SQL Server\Client SDK\ODBC\170\Tools\Binn\;C:\Program Files\nodejs\;C:\Program Files (x86)\Microsoft SQL Server\150\DTS\Binn\;C:\Program Files (x86)\Microsoft SQL Server\150\Tools\Binn\;C:\Program Files\Microsoft SQL Server\150\DTS\Binn\;C:\Program Files\Azure Data Studio\bin;C:\Program Files (x86)\Microsoft SQL Server\160\DTS\Binn\;C:\Program Files\dotnet\;C:\Program Files\Crucial\Crucial Storage Executive;C:\Program Files (x86)\BaseX\bin;C:\Program Files\Java\jdk-19\bin;C:\Users\ericpaldor\AppData\Local\Microsoft\WindowsApps;;E:\Microsoft VS Code\bin;C:\Users\ericpaldor\AppData\Roaming\npm;C:\Users\ericpaldor\.dotnet\tools;C:\Program Files\Azure Data Studio\bin
USERNAME=ericpaldor
OS=Windows_NT
PROCESSOR_IDENTIFIER=Intel64 Family 6 Model 140 Stepping 1, GenuineIntel



---------------  S Y S T E M  ---------------

OS:
 Windows 10 , 64 bit Build 19041 (10.0.19041.2546)
OS uptime: 1 days 0:05 hours

CPU: total 8 (initial active 8) (4 cores per cpu, 2 threads per core) family 6 model 140 stepping 1 microcode 0xa4, cx8, cmov, fxsr, ht, mmx, 3dnowpref, sse, sse2, sse3, ssse3, sse4.1, sse4.2, popcnt, lzcnt, tsc, tscinvbit, avx, avx2, aes, erms, clmul, bmi1, bmi2, adx, avx512f, avx512dq, avx512cd, avx512bw, avx512vl, sha, fma, vzeroupper, avx512_vpopcntdq, avx512_vpclmulqdq, avx512_vaes, avx512_vnni, clflush, clflushopt, clwb, avx512_vbmi2, avx512_vbmi

Memory: 4k page, system-wide physical 16064M (1023M free)
TotalPageFile size 16064M (AvailPageFile size 5M)
current process WorkingSet (physical memory assigned to process): 134M, peak: 134M
current process commit charge ("private bytes"): 374M, peak: 375M

vm_info: Java HotSpot(TM) 64-Bit Server VM (18.0.1.1+2-6) for windows-amd64 JRE (18.0.1.1+2-6), built on Apr 25 2022 21:53:15 by "mach5one" with MS VC++ 16.8 / 16.9 (VS2019)

END.
